This is pdfTeX, Version 3.14159265-2.6-1.40.19 (MiKTeX 2.9.6730 64-bit) (preloaded format=pdflatex 2018.7.5)  28 SEP 2018 11:06
entering extended mode
**./MTXQCvX_part2_template_params.tex
(MTXQCvX_part2_template_params.tex
LaTeX2e <2018-04-01> patch level 5
("C:\Users\chrhess\AppData\Local\Programs\MiKTeX 2.9\tex\latex\base\article.cls
"
Document Class: article 2014/09/29 v1.4h Standard LaTeX document class
("C:\Users\chrhess\AppData\Local\Programs\MiKTeX 2.9\tex\latex\base\size10.clo"
File: size10.clo 2014/09/29 v1.4h Standard LaTeX file (size option)
)
\c@part=\count80
\c@section=\count81
\c@subsection=\count82
\c@subsubsection=\count83
\c@paragraph=\count84
\c@subparagraph=\count85
\c@figure=\count86
\c@table=\count87
\abovecaptionskip=\skip41
\belowcaptionskip=\skip42
\bibindent=\dimen102
)
("C:\Users\chrhess\AppData\Local\Programs\MiKTeX 2.9\tex\latex\geometry\geometr
y.sty"
Package: geometry 2018/04/16 v5.8 Page Geometry

("C:\Users\chrhess\AppData\Local\Programs\MiKTeX 2.9\tex\latex\graphics\keyval.
sty"
Package: keyval 2014/10/28 v1.15 key=value parser (DPC)
\KV@toks@=\toks14
)
("C:\Users\chrhess\AppData\Local\Programs\MiKTeX 2.9\tex\generic\oberdiek\ifpdf
.sty"
Package: ifpdf 2017/03/15 v3.2 Provides the ifpdf switch
)
("C:\Users\chrhess\AppData\Local\Programs\MiKTeX 2.9\tex\generic\oberdiek\ifvte
x.sty"
Package: ifvtex 2016/05/16 v1.6 Detect VTeX and its facilities (HO)
Package ifvtex Info: VTeX not detected.
)
("C:\Users\chrhess\AppData\Local\Programs\MiKTeX 2.9\tex\generic\ifxetex\ifxete
x.sty"
Package: ifxetex 2010/09/12 v0.6 Provides ifxetex conditional
)
\Gm@cnth=\count88
\Gm@cntv=\count89
\c@Gm@tempcnt=\count90
\Gm@bindingoffset=\dimen103
\Gm@wd@mp=\dimen104
\Gm@odd@mp=\dimen105
\Gm@even@mp=\dimen106
\Gm@layoutwidth=\dimen107
\Gm@layoutheight=\dimen108
\Gm@layouthoffset=\dimen109
\Gm@layoutvoffset=\dimen110
\Gm@dimlist=\toks15

("C:\Users\chrhess\AppData\Local\Programs\MiKTeX 2.9\tex\latex\geometry\geometr
y.cfg"))
("C:\Users\chrhess\AppData\Local\Programs\MiKTeX 2.9\tex\latex\psnfss\mathpazo.
sty"
Package: mathpazo 2005/04/12 PSNFSS-v9.2a Palatino w/ Pazo Math (D.Puga, WaS) 
\symupright=\mathgroup4
) ("C:\Users\chrhess\AppData\Local\Programs\MiKTeX 2.9\tex\latex\base\fontenc.s
ty"
Package: fontenc 2017/04/05 v2.0i Standard LaTeX package
("C:\Users\chrhess\AppData\Local\Programs\MiKTeX 2.9\tex\latex\base\t1enc.def"
File: t1enc.def 2017/04/05 v2.0i Standard LaTeX file
LaTeX Font Info:    Redeclaring font encoding T1 on input line 48.
))
("C:\Users\chrhess\AppData\Local\Programs\MiKTeX 2.9\tex\latex\base\inputenc.st
y"
Package: inputenc 2018/04/06 v1.3b Input encoding file
\inpenc@prehook=\toks16
\inpenc@posthook=\toks17
)
("C:\Users\chrhess\AppData\Local\Programs\MiKTeX 2.9\tex\latex\abstract\abstrac
t.sty"
Package: abstract 2009/06/08 v1.2a configurable abstracts
\abstitleskip=\skip43
\absleftindent=\skip44
\absrightindent=\skip45
\absparindent=\skip46
\absparsep=\skip47
)
("C:\Users\chrhess\AppData\Local\Programs\MiKTeX 2.9\tex\latex\graphics\color.s
ty"
Package: color 2016/07/10 v1.1e Standard LaTeX Color (DPC)

("C:\Users\chrhess\AppData\Local\Programs\MiKTeX 2.9\tex\latex\graphics-cfg\col
or.cfg"
File: color.cfg 2016/01/02 v1.6 sample color configuration
)
Package color Info: Driver file: pdftex.def on input line 147.

("C:\Users\chrhess\AppData\Local\Programs\MiKTeX 2.9\tex\latex\graphics-def\pdf
tex.def"
File: pdftex.def 2018/01/08 v1.0l Graphics/color driver for pdftex
))
("C:\Users\chrhess\AppData\Local\Programs\MiKTeX 2.9\tex\latex\fancyvrb\fancyvr
b.sty"
Package: fancyvrb 2008/02/07

Style option: `fancyvrb' v2.7a, with DG/SPQR fixes, and firstline=lastline fix 
<2008/02/07> (tvz)
\FV@CodeLineNo=\count91
\FV@InFile=\read1
\FV@TabBox=\box26
\c@FancyVerbLine=\count92
\FV@StepNumber=\count93
\FV@OutFile=\write3
)
("C:\Users\chrhess\AppData\Local\Programs\MiKTeX 2.9\tex\latex\framed\framed.st
y"
Package: framed 2011/10/22 v 0.96: framed or shaded text with page breaks
\OuterFrameSep=\skip48
\fb@frw=\dimen111
\fb@frh=\dimen112
\FrameRule=\dimen113
\FrameSep=\dimen114
)
("C:\Users\chrhess\AppData\Local\Programs\MiKTeX 2.9\tex\latex\tools\longtable.
sty"
Package: longtable 2014/10/28 v4.11 Multi-page Table package (DPC)
\LTleft=\skip49
\LTright=\skip50
\LTpre=\skip51
\LTpost=\skip52
\LTchunksize=\count94
\LTcapwidth=\dimen115
\LT@head=\box27
\LT@firsthead=\box28
\LT@foot=\box29
\LT@lastfoot=\box30
\LT@cols=\count95
\LT@rows=\count96
\c@LT@tables=\count97
\c@LT@chunks=\count98
\LT@p@ftn=\toks18
)
("C:\Users\chrhess\AppData\Local\Programs\MiKTeX 2.9\tex\latex\booktabs\booktab
s.sty"
Package: booktabs 2005/04/14 v1.61803 publication quality tables
\heavyrulewidth=\dimen116
\lightrulewidth=\dimen117
\cmidrulewidth=\dimen118
\belowrulesep=\dimen119
\belowbottomsep=\dimen120
\aboverulesep=\dimen121
\abovetopsep=\dimen122
\cmidrulesep=\dimen123
\cmidrulekern=\dimen124
\defaultaddspace=\dimen125
\@cmidla=\count99
\@cmidlb=\count100
\@aboverulesep=\dimen126
\@belowrulesep=\dimen127
\@thisruleclass=\count101
\@lastruleclass=\count102
\@thisrulewidth=\dimen128
)
("C:\Users\chrhess\AppData\Local\Programs\MiKTeX 2.9\tex\latex\graphics\graphic
x.sty"
Package: graphicx 2017/06/01 v1.1a Enhanced LaTeX Graphics (DPC,SPQR)

("C:\Users\chrhess\AppData\Local\Programs\MiKTeX 2.9\tex\latex\graphics\graphic
s.sty"
Package: graphics 2017/06/25 v1.2c Standard LaTeX Graphics (DPC,SPQR)

("C:\Users\chrhess\AppData\Local\Programs\MiKTeX 2.9\tex\latex\graphics\trig.st
y"
Package: trig 2016/01/03 v1.10 sin cos tan (DPC)
)
("C:\Users\chrhess\AppData\Local\Programs\MiKTeX 2.9\tex\latex\graphics-cfg\gra
phics.cfg"
File: graphics.cfg 2016/06/04 v1.11 sample graphics configuration
)
Package graphics Info: Driver file: pdftex.def on input line 99.
)
\Gin@req@height=\dimen129
\Gin@req@width=\dimen130
)
("C:\Users\chrhess\AppData\Local\Programs\MiKTeX 2.9\tex\latex\titlesec\titlese
c.sty"
Package: titlesec 2016/03/21 v2.10.2 Sectioning titles
\ttl@box=\box31
\beforetitleunit=\skip53
\aftertitleunit=\skip54
\ttl@plus=\dimen131
\ttl@minus=\dimen132
\ttl@toksa=\toks19
\titlewidth=\dimen133
\titlewidthlast=\dimen134
\titlewidthfirst=\dimen135
)
("C:\Users\chrhess\AppData\Local\Programs\MiKTeX 2.9\tex\latex\natbib\natbib.st
y"
Package: natbib 2010/09/13 8.31b (PWD, AO)
\bibhang=\skip55
\bibsep=\skip56
LaTeX Info: Redefining \cite on input line 694.
\c@NAT@ctr=\count103
)
\c@hypothesis=\count104

("C:\Users\chrhess\AppData\Local\Programs\MiKTeX 2.9\tex\latex\setspace\setspac
e.sty"
Package: setspace 2011/12/19 v6.7a set line spacing
)
("C:\Users\chrhess\AppData\Local\Programs\MiKTeX 2.9\tex\latex\hyperref\hyperre
f.sty"
Package: hyperref 2018/02/06 v6.86b Hypertext links for LaTeX

("C:\Users\chrhess\AppData\Local\Programs\MiKTeX 2.9\tex\generic\oberdiek\hobsu
b-hyperref.sty"
Package: hobsub-hyperref 2016/05/16 v1.14 Bundle oberdiek, subset hyperref (HO)


("C:\Users\chrhess\AppData\Local\Programs\MiKTeX 2.9\tex\generic\oberdiek\hobsu
b-generic.sty"
Package: hobsub-generic 2016/05/16 v1.14 Bundle oberdiek, subset generic (HO)
Package: hobsub 2016/05/16 v1.14 Construct package bundles (HO)
Package: infwarerr 2016/05/16 v1.4 Providing info/warning/error messages (HO)
Package: ltxcmds 2016/05/16 v1.23 LaTeX kernel commands for general use (HO)
Package: ifluatex 2016/05/16 v1.4 Provides the ifluatex switch (HO)
Package ifluatex Info: LuaTeX not detected.
Package hobsub Info: Skipping package `ifvtex' (already loaded).
Package: intcalc 2016/05/16 v1.2 Expandable calculations with integers (HO)
Package hobsub Info: Skipping package `ifpdf' (already loaded).
Package: etexcmds 2016/05/16 v1.6 Avoid name clashes with e-TeX commands (HO)
Package etexcmds Info: Could not find \expanded.
(etexcmds)             That can mean that you are not using pdfTeX 1.50 or
(etexcmds)             that some package has redefined \expanded.
(etexcmds)             In the latter case, load this package earlier.
Package: kvsetkeys 2016/05/16 v1.17 Key value parser (HO)
Package: kvdefinekeys 2016/05/16 v1.4 Define keys (HO)
Package: pdftexcmds 2018/01/30 v0.27 Utility functions of pdfTeX for LuaTeX (HO
)
Package pdftexcmds Info: LuaTeX not detected.
Package pdftexcmds Info: \pdf@primitive is available.
Package pdftexcmds Info: \pdf@ifprimitive is available.
Package pdftexcmds Info: \pdfdraftmode found.
Package: pdfescape 2016/05/16 v1.14 Implements pdfTeX's escape features (HO)
Package: bigintcalc 2016/05/16 v1.4 Expandable calculations on big integers (HO
)
Package: bitset 2016/05/16 v1.2 Handle bit-vector datatype (HO)
Package: uniquecounter 2016/05/16 v1.3 Provide unlimited unique counter (HO)
)
Package hobsub Info: Skipping package `hobsub' (already loaded).
Package: letltxmacro 2016/05/16 v1.5 Let assignment for LaTeX macros (HO)
Package: hopatch 2016/05/16 v1.3 Wrapper for package hooks (HO)
Package: xcolor-patch 2016/05/16 xcolor patch
Package: atveryend 2016/05/16 v1.9 Hooks at the very end of document (HO)
Package atveryend Info: \enddocument detected (standard20110627).
Package: atbegshi 2016/06/09 v1.18 At begin shipout hook (HO)
Package: refcount 2016/05/16 v3.5 Data extraction from label references (HO)
Package: hycolor 2016/05/16 v1.8 Color options for hyperref/bookmark (HO)
)
("C:\Users\chrhess\AppData\Local\Programs\MiKTeX 2.9\tex\latex\oberdiek\auxhook
.sty"
Package: auxhook 2016/05/16 v1.4 Hooks for auxiliary files (HO)
)
("C:\Users\chrhess\AppData\Local\Programs\MiKTeX 2.9\tex\latex\oberdiek\kvoptio
ns.sty"
Package: kvoptions 2016/05/16 v3.12 Key value format for package options (HO)
)
\@linkdim=\dimen136
\Hy@linkcounter=\count105
\Hy@pagecounter=\count106

("C:\Users\chrhess\AppData\Local\Programs\MiKTeX 2.9\tex\latex\hyperref\pd1enc.
def"
File: pd1enc.def 2018/02/06 v6.86b Hyperref: PDFDocEncoding definition (HO)
Now handling font encoding PD1 ...
... no UTF-8 mapping file for font encoding PD1
)
\Hy@SavedSpaceFactor=\count107

("C:\Users\chrhess\AppData\Local\Programs\MiKTeX 2.9\tex\latex\00miktex\hyperre
f.cfg"
File: hyperref.cfg 2002/06/06 v1.2 hyperref configuration of TeXLive
)
Package hyperref Info: Option `unicode' set `true' on input line 4383.

("C:\Users\chrhess\AppData\Local\Programs\MiKTeX 2.9\tex\latex\hyperref\puenc.d
ef"
File: puenc.def 2018/02/06 v6.86b Hyperref: PDF Unicode definition (HO)
Now handling font encoding PU ...
... no UTF-8 mapping file for font encoding PU
)
Package hyperref Info: Hyper figures OFF on input line 4509.
Package hyperref Info: Link nesting OFF on input line 4514.
Package hyperref Info: Hyper index ON on input line 4517.
Package hyperref Info: Plain pages OFF on input line 4524.
Package hyperref Info: Backreferencing OFF on input line 4529.
Package hyperref Info: Implicit mode ON; LaTeX internals redefined.
Package hyperref Info: Bookmarks ON on input line 4762.
\c@Hy@tempcnt=\count108
("C:\Users\chrhess\AppData\Local\Programs\MiKTeX 2.9\tex\latex\url\url.sty"
\Urlmuskip=\muskip10
Package: url 2013/09/16  ver 3.4  Verb mode for urls, etc.
)
LaTeX Info: Redefining \url on input line 5115.
\XeTeXLinkMargin=\dimen137
\Fld@menulength=\count109
\Field@Width=\dimen138
\Fld@charsize=\dimen139
Package hyperref Info: Hyper figures OFF on input line 6369.
Package hyperref Info: Link nesting OFF on input line 6374.
Package hyperref Info: Hyper index ON on input line 6377.
Package hyperref Info: backreferencing OFF on input line 6384.
Package hyperref Info: Link coloring OFF on input line 6389.
Package hyperref Info: Link coloring with OCG OFF on input line 6394.
Package hyperref Info: PDF/A mode OFF on input line 6399.
LaTeX Info: Redefining \ref on input line 6439.
LaTeX Info: Redefining \pageref on input line 6443.
\Hy@abspage=\count110
\c@Item=\count111
\c@Hfootnote=\count112
)
Package hyperref Info: Driver (autodetected): hpdftex.

("C:\Users\chrhess\AppData\Local\Programs\MiKTeX 2.9\tex\latex\hyperref\hpdftex
.def"
File: hpdftex.def 2018/02/06 v6.86b Hyperref driver for pdfTeX
\Fld@listcount=\count113
\c@bookmark@seq@number=\count114

("C:\Users\chrhess\AppData\Local\Programs\MiKTeX 2.9\tex\latex\oberdiek\rerunfi
lecheck.sty"
Package: rerunfilecheck 2016/05/16 v1.8 Rerun checks for auxiliary files (HO)
Package uniquecounter Info: New unique counter `rerunfilecheck' on input line 2
82.
)
\Hy@SectionHShift=\skip57
)
Package hyperref Info: Option `breaklinks' set `true' on input line 140.

Package hyperref Warning: Option `bookmarks' has already been used,
(hyperref)                setting the option has no effect on input line 140.

Package hyperref Info: Option `colorlinks' set `true' on input line 140.

LaTeX Warning: Unused global option(s):
    [9pt].

(MTXQCvX_part2_template_params.aux)
\openout1 = `MTXQCvX_part2_template_params.aux'.

LaTeX Font Info:    Checking defaults for OML/cmm/m/it on input line 145.
LaTeX Font Info:    ... okay on input line 145.
LaTeX Font Info:    Checking defaults for T1/cmr/m/n on input line 145.
LaTeX Font Info:    ... okay on input line 145.
LaTeX Font Info:    Checking defaults for OT1/cmr/m/n on input line 145.
LaTeX Font Info:    ... okay on input line 145.
LaTeX Font Info:    Checking defaults for OMS/cmsy/m/n on input line 145.
LaTeX Font Info:    ... okay on input line 145.
LaTeX Font Info:    Checking defaults for OMX/cmex/m/n on input line 145.
LaTeX Font Info:    ... okay on input line 145.
LaTeX Font Info:    Checking defaults for U/cmr/m/n on input line 145.
LaTeX Font Info:    ... okay on input line 145.
LaTeX Font Info:    Checking defaults for PD1/pdf/m/n on input line 145.
LaTeX Font Info:    ... okay on input line 145.
LaTeX Font Info:    Checking defaults for PU/pdf/m/n on input line 145.
LaTeX Font Info:    ... okay on input line 145.
LaTeX Font Info:    Try loading font information for T1+ppl on input line 145.
("C:\Users\chrhess\AppData\Local\Programs\MiKTeX 2.9\tex\latex\psnfss\t1ppl.fd"
File: t1ppl.fd 2001/06/04 font definitions for T1/ppl.
)
*geometry* driver: auto-detecting
*geometry* detected driver: pdftex
*geometry* verbose mode - [ preamble ] result:
* driver: pdftex
* paper: <default>
* layout: <same size as paper>
* layoutoffset:(h,v)=(0.0pt,0.0pt)
* modes: 
* h-part:(L,W,R)=(72.26999pt, 469.75502pt, 72.26999pt)
* v-part:(T,H,B)=(72.26999pt, 650.43001pt, 72.26999pt)
* \paperwidth=614.295pt
* \paperheight=794.96999pt
* \textwidth=469.75502pt
* \textheight=650.43001pt
* \oddsidemargin=0.0pt
* \evensidemargin=0.0pt
* \topmargin=-37.0pt
* \headheight=12.0pt
* \headsep=25.0pt
* \topskip=10.0pt
* \footskip=30.0pt
* \marginparwidth=65.0pt
* \marginparsep=11.0pt
* \columnsep=10.0pt
* \skip\footins=9.0pt plus 4.0pt minus 2.0pt
* \hoffset=0.0pt
* \voffset=0.0pt
* \mag=1000
* \@twocolumnfalse
* \@twosidefalse
* \@mparswitchfalse
* \@reversemarginfalse
* (1in=72.27pt=25.4mm, 1cm=28.453pt)

\big@size=\dimen140

("C:\Users\chrhess\AppData\Local\Programs\MiKTeX 2.9\tex\context\base\supp-pdf.
mkii"
[Loading MPS to PDF converter (version 2006.09.02).]
\scratchcounter=\count115
\scratchdimen=\dimen141
\scratchbox=\box32
\nofMPsegments=\count116
\nofMParguments=\count117
\everyMPshowfont=\toks20
\MPscratchCnt=\count118
\MPscratchDim=\dimen142
\MPnumerator=\count119
\makeMPintoPDFobject=\count120
\everyMPtoPDFconversion=\toks21
)
("C:\Users\chrhess\AppData\Local\Programs\MiKTeX 2.9\tex\latex\oberdiek\epstopd
f-base.sty"
Package: epstopdf-base 2016/05/15 v2.6 Base part for package epstopdf

("C:\Users\chrhess\AppData\Local\Programs\MiKTeX 2.9\tex\latex\oberdiek\grfext.
sty"
Package: grfext 2016/05/16 v1.2 Manage graphics extensions (HO)
)
Package epstopdf-base Info: Redefining graphics rule for `.eps' on input line 4
38.
Package grfext Info: Graphics extension search list:
(grfext)             [.pdf,.png,.jpg,.mps,.jpeg,.jbig2,.jb2,.PDF,.PNG,.JPG,.JPE
G,.JBIG2,.JB2,.eps]
(grfext)             \AppendGraphicsExtensions on input line 456.
)
\AtBeginShipoutBox=\box33
Package hyperref Info: Link coloring ON on input line 145.

("C:\Users\chrhess\AppData\Local\Programs\MiKTeX 2.9\tex\latex\hyperref\nameref
.sty"
Package: nameref 2016/05/21 v2.44 Cross-referencing by name of section

("C:\Users\chrhess\AppData\Local\Programs\MiKTeX 2.9\tex\generic\oberdiek\getti
tlestring.sty"
Package: gettitlestring 2016/05/16 v1.5 Cleanup title references (HO)
)
\c@section@level=\count121
)
LaTeX Info: Redefining \ref on input line 145.
LaTeX Info: Redefining \pageref on input line 145.
LaTeX Info: Redefining \nameref on input line 145.
(MTXQCvX_part2_template_params.out) (MTXQCvX_part2_template_params.out)
\@outlinefile=\write4
\openout4 = `MTXQCvX_part2_template_params.out'.

LaTeX Font Info:    Font shape `T1/ppl/bx/n' in size <11> not available
(Font)              Font shape `T1/ppl/b/n' tried instead on input line 161.
LaTeX Font Info:    Try loading font information for T1+phv on input line 161.
("C:\Users\chrhess\AppData\Local\Programs\MiKTeX 2.9\tex\latex\psnfss\t1phv.fd"
File: t1phv.fd 2001/06/04 scalable font definitions for T1/phv.
)
LaTeX Font Info:    Font shape `T1/phv/bx/n' in size <11> not available
(Font)              Font shape `T1/phv/b/n' tried instead on input line 161.
LaTeX Font Info:    Font shape `T1/ppl/bx/n' in size <10> not available
(Font)              Font shape `T1/ppl/b/n' tried instead on input line 172.
(MTXQCvX_part2_template_params.toc
LaTeX Font Info:    Try loading font information for OT1+ppl on input line 3.
("C:\Users\chrhess\AppData\Local\Programs\MiKTeX 2.9\tex\latex\psnfss\ot1ppl.fd
"
File: ot1ppl.fd 2001/06/04 font definitions for OT1/ppl.
)
LaTeX Font Info:    Try loading font information for OML+zplm on input line 3.

("C:\Users\chrhess\AppData\Local\Programs\MiKTeX 2.9\tex\latex\psnfss\omlzplm.f
d"
File: omlzplm.fd 2002/09/08 Fontinst v1.914 font definitions for OML/zplm.
)
LaTeX Font Info:    Try loading font information for OMS+zplm on input line 3.

("C:\Users\chrhess\AppData\Local\Programs\MiKTeX 2.9\tex\latex\psnfss\omszplm.f
d"
File: omszplm.fd 2002/09/08 Fontinst v1.914 font definitions for OMS/zplm.
)
LaTeX Font Info:    Try loading font information for OMX+zplm on input line 3.

("C:\Users\chrhess\AppData\Local\Programs\MiKTeX 2.9\tex\latex\psnfss\omxzplm.f
d"
File: omxzplm.fd 2002/09/08 Fontinst v1.914 font definitions for OMX/zplm.
)
LaTeX Font Info:    Try loading font information for OT1+zplm on input line 3.

("C:\Users\chrhess\AppData\Local\Programs\MiKTeX 2.9\tex\latex\psnfss\ot1zplm.f
d"
File: ot1zplm.fd 2002/09/08 Fontinst v1.914 font definitions for OT1/zplm.
))
\tf@toc=\write5
\openout5 = `MTXQCvX_part2_template_params.toc'.

LaTeX Font Info:    Try loading font information for T1+cmtt on input line 211.

("C:\Users\chrhess\AppData\Local\Programs\MiKTeX 2.9\tex\latex\base\t1cmtt.fd"
File: t1cmtt.fd 2014/09/29 v2.5h Standard LaTeX font definitions
) [1

{C:/Users/chrhess/AppData/Local/MiKTeX/2.9/pdftex/config/pdftex.map}]
Overfull \hbox (39.37065pt too wide) in paragraph at lines 246--246
[]\T1/cmtt/m/n/10 ## Generated output-files saved in: test/output/2018-09-28_Po
stProcessing_stringent_ca_Conc_pmio/[] 
 []

LaTeX Font Info:    Font shape `T1/cmtt/bx/n' in size <10> not available
(Font)              Font shape `T1/cmtt/m/n' tried instead on input line 304.
[2]
<test/output/2018-09-28_PostProcessing_stringent_ca_Conc_pmio/figure/MTXQCp2__c
a_Conc_pmio-quantities_plot-1.pdf, id=95, 433.62pt x 216.81pt>
File: test/output/2018-09-28_PostProcessing_stringent_ca_Conc_pmio/figure/MTXQC
p2__ca_Conc_pmio-quantities_plot-1.pdf Graphic file (type pdf)
<use test/output/2018-09-28_PostProcessing_stringent_ca_Conc_pmio/figure/MTXQCp
2__ca_Conc_pmio-quantities_plot-1.pdf>
Package pdftex.def Info: test/output/2018-09-28_PostProcessing_stringent_ca_Con
c_pmio/figure/MTXQCp2__ca_Conc_pmio-quantities_plot-1.pdf  used on input line 3
68.
(pdftex.def)             Requested size: 433.61894pt x 216.80946pt.
<test/output/2018-09-28_PostProcessing_stringent_ca_Conc_pmio/figure/MTXQCp2__c
a_Conc_pmio-quantities_plot-2.pdf, id=96, 433.62pt x 216.81pt>
File: test/output/2018-09-28_PostProcessing_stringent_ca_Conc_pmio/figure/MTXQC
p2__ca_Conc_pmio-quantities_plot-2.pdf Graphic file (type pdf)
<use test/output/2018-09-28_PostProcessing_stringent_ca_Conc_pmio/figure/MTXQCp
2__ca_Conc_pmio-quantities_plot-2.pdf>
Package pdftex.def Info: test/output/2018-09-28_PostProcessing_stringent_ca_Con
c_pmio/figure/MTXQCp2__ca_Conc_pmio-quantities_plot-2.pdf  used on input line 3
75.
(pdftex.def)             Requested size: 433.61894pt x 216.80946pt.
<test/output/2018-09-28_PostProcessing_stringent_ca_Conc_pmio/figure/MTXQCp2__c
a_Conc_pmio-quantities_plot-3.pdf, id=97, 433.62pt x 216.81pt>
File: test/output/2018-09-28_PostProcessing_stringent_ca_Conc_pmio/figure/MTXQC
p2__ca_Conc_pmio-quantities_plot-3.pdf Graphic file (type pdf)
<use test/output/2018-09-28_PostProcessing_stringent_ca_Conc_pmio/figure/MTXQCp
2__ca_Conc_pmio-quantities_plot-3.pdf>
Package pdftex.def Info: test/output/2018-09-28_PostProcessing_stringent_ca_Con
c_pmio/figure/MTXQCp2__ca_Conc_pmio-quantities_plot-3.pdf  used on input line 3
82.
(pdftex.def)             Requested size: 433.61894pt x 216.80946pt.
<test/output/2018-09-28_PostProcessing_stringent_ca_Conc_pmio/figure/MTXQCp2__c
a_Conc_pmio-quantities_plot-4.pdf, id=98, 433.62pt x 216.81pt>
File: test/output/2018-09-28_PostProcessing_stringent_ca_Conc_pmio/figure/MTXQC
p2__ca_Conc_pmio-quantities_plot-4.pdf Graphic file (type pdf)
<use test/output/2018-09-28_PostProcessing_stringent_ca_Conc_pmio/figure/MTXQCp
2__ca_Conc_pmio-quantities_plot-4.pdf>
Package pdftex.def Info: test/output/2018-09-28_PostProcessing_stringent_ca_Con
c_pmio/figure/MTXQCp2__ca_Conc_pmio-quantities_plot-4.pdf  used on input line 3
89.
(pdftex.def)             Requested size: 433.61894pt x 216.80946pt.
<test/output/2018-09-28_PostProcessing_stringent_ca_Conc_pmio/figure/MTXQCp2__c
a_Conc_pmio-quantities_plot-5.pdf, id=99, 433.62pt x 216.81pt>
File: test/output/2018-09-28_PostProcessing_stringent_ca_Conc_pmio/figure/MTXQC
p2__ca_Conc_pmio-quantities_plot-5.pdf Graphic file (type pdf)
<use test/output/2018-09-28_PostProcessing_stringent_ca_Conc_pmio/figure/MTXQCp
2__ca_Conc_pmio-quantities_plot-5.pdf>
Package pdftex.def Info: test/output/2018-09-28_PostProcessing_stringent_ca_Con
c_pmio/figure/MTXQCp2__ca_Conc_pmio-quantities_plot-5.pdf  used on input line 3
96.
(pdftex.def)             Requested size: 433.61894pt x 216.80946pt.
<test/output/2018-09-28_PostProcessing_stringent_ca_Conc_pmio/figure/MTXQCp2__c
a_Conc_pmio-quantities_plot-6.pdf, id=100, 433.62pt x 216.81pt>
File: test/output/2018-09-28_PostProcessing_stringent_ca_Conc_pmio/figure/MTXQC
p2__ca_Conc_pmio-quantities_plot-6.pdf Graphic file (type pdf)
<use test/output/2018-09-28_PostProcessing_stringent_ca_Conc_pmio/figure/MTXQCp
2__ca_Conc_pmio-quantities_plot-6.pdf>
Package pdftex.def Info: test/output/2018-09-28_PostProcessing_stringent_ca_Con
c_pmio/figure/MTXQCp2__ca_Conc_pmio-quantities_plot-6.pdf  used on input line 4
03.
(pdftex.def)             Requested size: 433.61894pt x 216.80946pt.
<test/output/2018-09-28_PostProcessing_stringent_ca_Conc_pmio/figure/MTXQCp2__c
a_Conc_pmio-quantities_plot-7.pdf, id=101, 433.62pt x 216.81pt>
File: test/output/2018-09-28_PostProcessing_stringent_ca_Conc_pmio/figure/MTXQC
p2__ca_Conc_pmio-quantities_plot-7.pdf Graphic file (type pdf)
<use test/output/2018-09-28_PostProcessing_stringent_ca_Conc_pmio/figure/MTXQCp
2__ca_Conc_pmio-quantities_plot-7.pdf>
Package pdftex.def Info: test/output/2018-09-28_PostProcessing_stringent_ca_Con
c_pmio/figure/MTXQCp2__ca_Conc_pmio-quantities_plot-7.pdf  used on input line 4
10.
(pdftex.def)             Requested size: 433.61894pt x 216.80946pt.
<test/output/2018-09-28_PostProcessing_stringent_ca_Conc_pmio/figure/MTXQCp2__c
a_Conc_pmio-quantities_plot-8.pdf, id=102, 433.62pt x 216.81pt>
File: test/output/2018-09-28_PostProcessing_stringent_ca_Conc_pmio/figure/MTXQC
p2__ca_Conc_pmio-quantities_plot-8.pdf Graphic file (type pdf)
<use test/output/2018-09-28_PostProcessing_stringent_ca_Conc_pmio/figure/MTXQCp
2__ca_Conc_pmio-quantities_plot-8.pdf>
Package pdftex.def Info: test/output/2018-09-28_PostProcessing_stringent_ca_Con
c_pmio/figure/MTXQCp2__ca_Conc_pmio-quantities_plot-8.pdf  used on input line 4
17.
(pdftex.def)             Requested size: 433.61894pt x 216.80946pt.
<test/output/2018-09-28_PostProcessing_stringent_ca_Conc_pmio/figure/MTXQCp2__c
a_Conc_pmio-quantities_plot-9.pdf, id=103, 433.62pt x 216.81pt>
File: test/output/2018-09-28_PostProcessing_stringent_ca_Conc_pmio/figure/MTXQC
p2__ca_Conc_pmio-quantities_plot-9.pdf Graphic file (type pdf)
<use test/output/2018-09-28_PostProcessing_stringent_ca_Conc_pmio/figure/MTXQCp
2__ca_Conc_pmio-quantities_plot-9.pdf>
Package pdftex.def Info: test/output/2018-09-28_PostProcessing_stringent_ca_Con
c_pmio/figure/MTXQCp2__ca_Conc_pmio-quantities_plot-9.pdf  used on input line 4
24.
(pdftex.def)             Requested size: 433.61894pt x 216.80946pt.
<test/output/2018-09-28_PostProcessing_stringent_ca_Conc_pmio/figure/MTXQCp2__c
a_Conc_pmio-quantities_plot-10.pdf, id=104, 433.62pt x 216.81pt>
File: test/output/2018-09-28_PostProcessing_stringent_ca_Conc_pmio/figure/MTXQC
p2__ca_Conc_pmio-quantities_plot-10.pdf Graphic file (type pdf)
<use test/output/2018-09-28_PostProcessing_stringent_ca_Conc_pmio/figure/MTXQCp
2__ca_Conc_pmio-quantities_plot-10.pdf>
Package pdftex.def Info: test/output/2018-09-28_PostProcessing_stringent_ca_Con
c_pmio/figure/MTXQCp2__ca_Conc_pmio-quantities_plot-10.pdf  used on input line 
431.
(pdftex.def)             Requested size: 433.61894pt x 216.80946pt.
<test/output/2018-09-28_PostProcessing_stringent_ca_Conc_pmio/figure/MTXQCp2__c
a_Conc_pmio-quantities_plot-11.pdf, id=105, 433.62pt x 216.81pt>
File: test/output/2018-09-28_PostProcessing_stringent_ca_Conc_pmio/figure/MTXQC
p2__ca_Conc_pmio-quantities_plot-11.pdf Graphic file (type pdf)
<use test/output/2018-09-28_PostProcessing_stringent_ca_Conc_pmio/figure/MTXQCp
2__ca_Conc_pmio-quantities_plot-11.pdf>
Package pdftex.def Info: test/output/2018-09-28_PostProcessing_stringent_ca_Con
c_pmio/figure/MTXQCp2__ca_Conc_pmio-quantities_plot-11.pdf  used on input line 
438.
(pdftex.def)             Requested size: 433.61894pt x 216.80946pt.
<test/output/2018-09-28_PostProcessing_stringent_ca_Conc_pmio/figure/MTXQCp2__c
a_Conc_pmio-quantities_plot-12.pdf, id=106, 433.62pt x 216.81pt>
File: test/output/2018-09-28_PostProcessing_stringent_ca_Conc_pmio/figure/MTXQC
p2__ca_Conc_pmio-quantities_plot-12.pdf Graphic file (type pdf)
<use test/output/2018-09-28_PostProcessing_stringent_ca_Conc_pmio/figure/MTXQCp
2__ca_Conc_pmio-quantities_plot-12.pdf>
Package pdftex.def Info: test/output/2018-09-28_PostProcessing_stringent_ca_Con
c_pmio/figure/MTXQCp2__ca_Conc_pmio-quantities_plot-12.pdf  used on input line 
445.
(pdftex.def)             Requested size: 433.61894pt x 216.80946pt.
<test/output/2018-09-28_PostProcessing_stringent_ca_Conc_pmio/figure/MTXQCp2__c
a_Conc_pmio-quantities_plot-13.pdf, id=107, 433.62pt x 216.81pt>
File: test/output/2018-09-28_PostProcessing_stringent_ca_Conc_pmio/figure/MTXQC
p2__ca_Conc_pmio-quantities_plot-13.pdf Graphic file (type pdf)
<use test/output/2018-09-28_PostProcessing_stringent_ca_Conc_pmio/figure/MTXQCp
2__ca_Conc_pmio-quantities_plot-13.pdf>
Package pdftex.def Info: test/output/2018-09-28_PostProcessing_stringent_ca_Con
c_pmio/figure/MTXQCp2__ca_Conc_pmio-quantities_plot-13.pdf  used on input line 
452.
(pdftex.def)             Requested size: 433.61894pt x 216.80946pt.
<test/output/2018-09-28_PostProcessing_stringent_ca_Conc_pmio/figure/MTXQCp2__c
a_Conc_pmio-quantities_plot-14.pdf, id=108, 433.62pt x 216.81pt>
File: test/output/2018-09-28_PostProcessing_stringent_ca_Conc_pmio/figure/MTXQC
p2__ca_Conc_pmio-quantities_plot-14.pdf Graphic file (type pdf)
<use test/output/2018-09-28_PostProcessing_stringent_ca_Conc_pmio/figure/MTXQCp
2__ca_Conc_pmio-quantities_plot-14.pdf>
Package pdftex.def Info: test/output/2018-09-28_PostProcessing_stringent_ca_Con
c_pmio/figure/MTXQCp2__ca_Conc_pmio-quantities_plot-14.pdf  used on input line 
459.
(pdftex.def)             Requested size: 433.61894pt x 216.80946pt.
<test/output/2018-09-28_PostProcessing_stringent_ca_Conc_pmio/figure/MTXQCp2__c
a_Conc_pmio-quantities_plot-15.pdf, id=109, 433.62pt x 216.81pt>
File: test/output/2018-09-28_PostProcessing_stringent_ca_Conc_pmio/figure/MTXQC
p2__ca_Conc_pmio-quantities_plot-15.pdf Graphic file (type pdf)
<use test/output/2018-09-28_PostProcessing_stringent_ca_Conc_pmio/figure/MTXQCp
2__ca_Conc_pmio-quantities_plot-15.pdf>
Package pdftex.def Info: test/output/2018-09-28_PostProcessing_stringent_ca_Con
c_pmio/figure/MTXQCp2__ca_Conc_pmio-quantities_plot-15.pdf  used on input line 
466.
(pdftex.def)             Requested size: 433.61894pt x 216.80946pt.
<test/output/2018-09-28_PostProcessing_stringent_ca_Conc_pmio/figure/MTXQCp2__c
a_Conc_pmio-quantities_plot-16.pdf, id=110, 433.62pt x 216.81pt>
File: test/output/2018-09-28_PostProcessing_stringent_ca_Conc_pmio/figure/MTXQC
p2__ca_Conc_pmio-quantities_plot-16.pdf Graphic file (type pdf)
<use test/output/2018-09-28_PostProcessing_stringent_ca_Conc_pmio/figure/MTXQCp
2__ca_Conc_pmio-quantities_plot-16.pdf>
Package pdftex.def Info: test/output/2018-09-28_PostProcessing_stringent_ca_Con
c_pmio/figure/MTXQCp2__ca_Conc_pmio-quantities_plot-16.pdf  used on input line 
473.
(pdftex.def)             Requested size: 433.61894pt x 216.80946pt.
<test/output/2018-09-28_PostProcessing_stringent_ca_Conc_pmio/figure/MTXQCp2__c
a_Conc_pmio-quantities_plot-17.pdf, id=111, 433.62pt x 216.81pt>
File: test/output/2018-09-28_PostProcessing_stringent_ca_Conc_pmio/figure/MTXQC
p2__ca_Conc_pmio-quantities_plot-17.pdf Graphic file (type pdf)
<use test/output/2018-09-28_PostProcessing_stringent_ca_Conc_pmio/figure/MTXQCp
2__ca_Conc_pmio-quantities_plot-17.pdf>
Package pdftex.def Info: test/output/2018-09-28_PostProcessing_stringent_ca_Con
c_pmio/figure/MTXQCp2__ca_Conc_pmio-quantities_plot-17.pdf  used on input line 
480.
(pdftex.def)             Requested size: 433.61894pt x 216.80946pt.
<test/output/2018-09-28_PostProcessing_stringent_ca_Conc_pmio/figure/MTXQCp2__c
a_Conc_pmio-quantities_plot-18.pdf, id=112, 433.62pt x 216.81pt>
File: test/output/2018-09-28_PostProcessing_stringent_ca_Conc_pmio/figure/MTXQC
p2__ca_Conc_pmio-quantities_plot-18.pdf Graphic file (type pdf)
<use test/output/2018-09-28_PostProcessing_stringent_ca_Conc_pmio/figure/MTXQCp
2__ca_Conc_pmio-quantities_plot-18.pdf>
Package pdftex.def Info: test/output/2018-09-28_PostProcessing_stringent_ca_Con
c_pmio/figure/MTXQCp2__ca_Conc_pmio-quantities_plot-18.pdf  used on input line 
487.
(pdftex.def)             Requested size: 433.61894pt x 216.80946pt.
<test/output/2018-09-28_PostProcessing_stringent_ca_Conc_pmio/figure/MTXQCp2__c
a_Conc_pmio-quantities_plot-19.pdf, id=113, 433.62pt x 216.81pt>
File: test/output/2018-09-28_PostProcessing_stringent_ca_Conc_pmio/figure/MTXQC
p2__ca_Conc_pmio-quantities_plot-19.pdf Graphic file (type pdf)
<use test/output/2018-09-28_PostProcessing_stringent_ca_Conc_pmio/figure/MTXQCp
2__ca_Conc_pmio-quantities_plot-19.pdf>
Package pdftex.def Info: test/output/2018-09-28_PostProcessing_stringent_ca_Con
c_pmio/figure/MTXQCp2__ca_Conc_pmio-quantities_plot-19.pdf  used on input line 
494.
(pdftex.def)             Requested size: 433.61894pt x 216.80946pt.
<test/output/2018-09-28_PostProcessing_stringent_ca_Conc_pmio/figure/MTXQCp2__c
a_Conc_pmio-quantities_plot-20.pdf, id=114, 433.62pt x 216.81pt>
File: test/output/2018-09-28_PostProcessing_stringent_ca_Conc_pmio/figure/MTXQC
p2__ca_Conc_pmio-quantities_plot-20.pdf Graphic file (type pdf)
<use test/output/2018-09-28_PostProcessing_stringent_ca_Conc_pmio/figure/MTXQCp
2__ca_Conc_pmio-quantities_plot-20.pdf>
Package pdftex.def Info: test/output/2018-09-28_PostProcessing_stringent_ca_Con
c_pmio/figure/MTXQCp2__ca_Conc_pmio-quantities_plot-20.pdf  used on input line 
501.
(pdftex.def)             Requested size: 433.61894pt x 216.80946pt.
<test/output/2018-09-28_PostProcessing_stringent_ca_Conc_pmio/figure/MTXQCp2__c
a_Conc_pmio-quantities_plot-21.pdf, id=115, 433.62pt x 216.81pt>
File: test/output/2018-09-28_PostProcessing_stringent_ca_Conc_pmio/figure/MTXQC
p2__ca_Conc_pmio-quantities_plot-21.pdf Graphic file (type pdf)
<use test/output/2018-09-28_PostProcessing_stringent_ca_Conc_pmio/figure/MTXQCp
2__ca_Conc_pmio-quantities_plot-21.pdf>
Package pdftex.def Info: test/output/2018-09-28_PostProcessing_stringent_ca_Con
c_pmio/figure/MTXQCp2__ca_Conc_pmio-quantities_plot-21.pdf  used on input line 
508.
(pdftex.def)             Requested size: 433.61894pt x 216.80946pt.
<test/output/2018-09-28_PostProcessing_stringent_ca_Conc_pmio/figure/MTXQCp2__c
a_Conc_pmio-quantities_plot-22.pdf, id=116, 433.62pt x 216.81pt>
File: test/output/2018-09-28_PostProcessing_stringent_ca_Conc_pmio/figure/MTXQC
p2__ca_Conc_pmio-quantities_plot-22.pdf Graphic file (type pdf)
<use test/output/2018-09-28_PostProcessing_stringent_ca_Conc_pmio/figure/MTXQCp
2__ca_Conc_pmio-quantities_plot-22.pdf>
Package pdftex.def Info: test/output/2018-09-28_PostProcessing_stringent_ca_Con
c_pmio/figure/MTXQCp2__ca_Conc_pmio-quantities_plot-22.pdf  used on input line 
515.
(pdftex.def)             Requested size: 433.61894pt x 216.80946pt.
<test/output/2018-09-28_PostProcessing_stringent_ca_Conc_pmio/figure/MTXQCp2__c
a_Conc_pmio-quantities_plot-23.pdf, id=117, 433.62pt x 216.81pt>
File: test/output/2018-09-28_PostProcessing_stringent_ca_Conc_pmio/figure/MTXQC
p2__ca_Conc_pmio-quantities_plot-23.pdf Graphic file (type pdf)
<use test/output/2018-09-28_PostProcessing_stringent_ca_Conc_pmio/figure/MTXQCp
2__ca_Conc_pmio-quantities_plot-23.pdf>
Package pdftex.def Info: test/output/2018-09-28_PostProcessing_stringent_ca_Con
c_pmio/figure/MTXQCp2__ca_Conc_pmio-quantities_plot-23.pdf  used on input line 
522.
(pdftex.def)             Requested size: 433.61894pt x 216.80946pt.
<test/output/2018-09-28_PostProcessing_stringent_ca_Conc_pmio/figure/MTXQCp2__c
a_Conc_pmio-quantities_plot-24.pdf, id=118, 433.62pt x 216.81pt>
File: test/output/2018-09-28_PostProcessing_stringent_ca_Conc_pmio/figure/MTXQC
p2__ca_Conc_pmio-quantities_plot-24.pdf Graphic file (type pdf)
<use test/output/2018-09-28_PostProcessing_stringent_ca_Conc_pmio/figure/MTXQCp
2__ca_Conc_pmio-quantities_plot-24.pdf>
Package pdftex.def Info: test/output/2018-09-28_PostProcessing_stringent_ca_Con
c_pmio/figure/MTXQCp2__ca_Conc_pmio-quantities_plot-24.pdf  used on input line 
529.
(pdftex.def)             Requested size: 433.61894pt x 216.80946pt.
<test/output/2018-09-28_PostProcessing_stringent_ca_Conc_pmio/figure/MTXQCp2__c
a_Conc_pmio-quantities_plot-25.pdf, id=119, 433.62pt x 216.81pt>
File: test/output/2018-09-28_PostProcessing_stringent_ca_Conc_pmio/figure/MTXQC
p2__ca_Conc_pmio-quantities_plot-25.pdf Graphic file (type pdf)
<use test/output/2018-09-28_PostProcessing_stringent_ca_Conc_pmio/figure/MTXQCp
2__ca_Conc_pmio-quantities_plot-25.pdf>
Package pdftex.def Info: test/output/2018-09-28_PostProcessing_stringent_ca_Con
c_pmio/figure/MTXQCp2__ca_Conc_pmio-quantities_plot-25.pdf  used on input line 
536.
(pdftex.def)             Requested size: 433.61894pt x 216.80946pt.
<test/output/2018-09-28_PostProcessing_stringent_ca_Conc_pmio/figure/MTXQCp2__c
a_Conc_pmio-quantities_plot-26.pdf, id=120, 433.62pt x 216.81pt>
File: test/output/2018-09-28_PostProcessing_stringent_ca_Conc_pmio/figure/MTXQC
p2__ca_Conc_pmio-quantities_plot-26.pdf Graphic file (type pdf)
<use test/output/2018-09-28_PostProcessing_stringent_ca_Conc_pmio/figure/MTXQCp
2__ca_Conc_pmio-quantities_plot-26.pdf>
Package pdftex.def Info: test/output/2018-09-28_PostProcessing_stringent_ca_Con
c_pmio/figure/MTXQCp2__ca_Conc_pmio-quantities_plot-26.pdf  used on input line 
543.
(pdftex.def)             Requested size: 433.61894pt x 216.80946pt.
<test/output/2018-09-28_PostProcessing_stringent_ca_Conc_pmio/figure/MTXQCp2__c
a_Conc_pmio-quantities_plot-27.pdf, id=121, 433.62pt x 216.81pt>
File: test/output/2018-09-28_PostProcessing_stringent_ca_Conc_pmio/figure/MTXQC
p2__ca_Conc_pmio-quantities_plot-27.pdf Graphic file (type pdf)
<use test/output/2018-09-28_PostProcessing_stringent_ca_Conc_pmio/figure/MTXQCp
2__ca_Conc_pmio-quantities_plot-27.pdf>
Package pdftex.def Info: test/output/2018-09-28_PostProcessing_stringent_ca_Con
c_pmio/figure/MTXQCp2__ca_Conc_pmio-quantities_plot-27.pdf  used on input line 
550.
(pdftex.def)             Requested size: 433.61894pt x 216.80946pt.
<test/output/2018-09-28_PostProcessing_stringent_ca_Conc_pmio/figure/MTXQCp2__c
a_Conc_pmio-quantities_plot-28.pdf, id=122, 433.62pt x 216.81pt>
File: test/output/2018-09-28_PostProcessing_stringent_ca_Conc_pmio/figure/MTXQC
p2__ca_Conc_pmio-quantities_plot-28.pdf Graphic file (type pdf)
<use test/output/2018-09-28_PostProcessing_stringent_ca_Conc_pmio/figure/MTXQCp
2__ca_Conc_pmio-quantities_plot-28.pdf>
Package pdftex.def Info: test/output/2018-09-28_PostProcessing_stringent_ca_Con
c_pmio/figure/MTXQCp2__ca_Conc_pmio-quantities_plot-28.pdf  used on input line 
557.
(pdftex.def)             Requested size: 433.61894pt x 216.80946pt.
<test/output/2018-09-28_PostProcessing_stringent_ca_Conc_pmio/figure/MTXQCp2__c
a_Conc_pmio-quantities_plot-29.pdf, id=123, 433.62pt x 216.81pt>
File: test/output/2018-09-28_PostProcessing_stringent_ca_Conc_pmio/figure/MTXQC
p2__ca_Conc_pmio-quantities_plot-29.pdf Graphic file (type pdf)
<use test/output/2018-09-28_PostProcessing_stringent_ca_Conc_pmio/figure/MTXQCp
2__ca_Conc_pmio-quantities_plot-29.pdf>
Package pdftex.def Info: test/output/2018-09-28_PostProcessing_stringent_ca_Con
c_pmio/figure/MTXQCp2__ca_Conc_pmio-quantities_plot-29.pdf  used on input line 
564.
(pdftex.def)             Requested size: 433.61894pt x 216.80946pt.
<test/output/2018-09-28_PostProcessing_stringent_ca_Conc_pmio/figure/MTXQCp2__c
a_Conc_pmio-quantities_plot-30.pdf, id=124, 433.62pt x 216.81pt>
File: test/output/2018-09-28_PostProcessing_stringent_ca_Conc_pmio/figure/MTXQC
p2__ca_Conc_pmio-quantities_plot-30.pdf Graphic file (type pdf)
<use test/output/2018-09-28_PostProcessing_stringent_ca_Conc_pmio/figure/MTXQCp
2__ca_Conc_pmio-quantities_plot-30.pdf>
Package pdftex.def Info: test/output/2018-09-28_PostProcessing_stringent_ca_Con
c_pmio/figure/MTXQCp2__ca_Conc_pmio-quantities_plot-30.pdf  used on input line 
571.
(pdftex.def)             Requested size: 433.61894pt x 216.80946pt.
<test/output/2018-09-28_PostProcessing_stringent_ca_Conc_pmio/figure/MTXQCp2__c
a_Conc_pmio-quantities_plot-31.pdf, id=125, 433.62pt x 216.81pt>
File: test/output/2018-09-28_PostProcessing_stringent_ca_Conc_pmio/figure/MTXQC
p2__ca_Conc_pmio-quantities_plot-31.pdf Graphic file (type pdf)
<use test/output/2018-09-28_PostProcessing_stringent_ca_Conc_pmio/figure/MTXQCp
2__ca_Conc_pmio-quantities_plot-31.pdf>
Package pdftex.def Info: test/output/2018-09-28_PostProcessing_stringent_ca_Con
c_pmio/figure/MTXQCp2__ca_Conc_pmio-quantities_plot-31.pdf  used on input line 
578.
(pdftex.def)             Requested size: 433.61894pt x 216.80946pt.
<test/output/2018-09-28_PostProcessing_stringent_ca_Conc_pmio/figure/MTXQCp2__c
a_Conc_pmio-quantities_plot-32.pdf, id=126, 433.62pt x 216.81pt>
File: test/output/2018-09-28_PostProcessing_stringent_ca_Conc_pmio/figure/MTXQC
p2__ca_Conc_pmio-quantities_plot-32.pdf Graphic file (type pdf)
<use test/output/2018-09-28_PostProcessing_stringent_ca_Conc_pmio/figure/MTXQCp
2__ca_Conc_pmio-quantities_plot-32.pdf>
Package pdftex.def Info: test/output/2018-09-28_PostProcessing_stringent_ca_Con
c_pmio/figure/MTXQCp2__ca_Conc_pmio-quantities_plot-32.pdf  used on input line 
585.
(pdftex.def)             Requested size: 433.61894pt x 216.80946pt.
<test/output/2018-09-28_PostProcessing_stringent_ca_Conc_pmio/figure/MTXQCp2__c
a_Conc_pmio-quantities_plot-33.pdf, id=127, 433.62pt x 216.81pt>
File: test/output/2018-09-28_PostProcessing_stringent_ca_Conc_pmio/figure/MTXQC
p2__ca_Conc_pmio-quantities_plot-33.pdf Graphic file (type pdf)
<use test/output/2018-09-28_PostProcessing_stringent_ca_Conc_pmio/figure/MTXQCp
2__ca_Conc_pmio-quantities_plot-33.pdf>
Package pdftex.def Info: test/output/2018-09-28_PostProcessing_stringent_ca_Con
c_pmio/figure/MTXQCp2__ca_Conc_pmio-quantities_plot-33.pdf  used on input line 
592.
(pdftex.def)             Requested size: 433.61894pt x 216.80946pt.
<test/output/2018-09-28_PostProcessing_stringent_ca_Conc_pmio/figure/MTXQCp2__c
a_Conc_pmio-quantities_plot-34.pdf, id=128, 433.62pt x 216.81pt>
File: test/output/2018-09-28_PostProcessing_stringent_ca_Conc_pmio/figure/MTXQC
p2__ca_Conc_pmio-quantities_plot-34.pdf Graphic file (type pdf)
<use test/output/2018-09-28_PostProcessing_stringent_ca_Conc_pmio/figure/MTXQCp
2__ca_Conc_pmio-quantities_plot-34.pdf>
Package pdftex.def Info: test/output/2018-09-28_PostProcessing_stringent_ca_Con
c_pmio/figure/MTXQCp2__ca_Conc_pmio-quantities_plot-34.pdf  used on input line 
599.
(pdftex.def)             Requested size: 433.61894pt x 216.80946pt.
<test/output/2018-09-28_PostProcessing_stringent_ca_Conc_pmio/figure/MTXQCp2__c
a_Conc_pmio-quantities_plot-35.pdf, id=129, 433.62pt x 216.81pt>
File: test/output/2018-09-28_PostProcessing_stringent_ca_Conc_pmio/figure/MTXQC
p2__ca_Conc_pmio-quantities_plot-35.pdf Graphic file (type pdf)
<use test/output/2018-09-28_PostProcessing_stringent_ca_Conc_pmio/figure/MTXQCp
2__ca_Conc_pmio-quantities_plot-35.pdf>
Package pdftex.def Info: test/output/2018-09-28_PostProcessing_stringent_ca_Con
c_pmio/figure/MTXQCp2__ca_Conc_pmio-quantities_plot-35.pdf  used on input line 
606.
(pdftex.def)             Requested size: 433.61894pt x 216.80946pt.
<test/output/2018-09-28_PostProcessing_stringent_ca_Conc_pmio/figure/MTXQCp2__c
a_Conc_pmio-quantities_plot-36.pdf, id=130, 433.62pt x 216.81pt>
File: test/output/2018-09-28_PostProcessing_stringent_ca_Conc_pmio/figure/MTXQC
p2__ca_Conc_pmio-quantities_plot-36.pdf Graphic file (type pdf)
<use test/output/2018-09-28_PostProcessing_stringent_ca_Conc_pmio/figure/MTXQCp
2__ca_Conc_pmio-quantities_plot-36.pdf>
Package pdftex.def Info: test/output/2018-09-28_PostProcessing_stringent_ca_Con
c_pmio/figure/MTXQCp2__ca_Conc_pmio-quantities_plot-36.pdf  used on input line 
613.
(pdftex.def)             Requested size: 433.61894pt x 216.80946pt.
<test/output/2018-09-28_PostProcessing_stringent_ca_Conc_pmio/figure/MTXQCp2__c
a_Conc_pmio-quantities_plot-37.pdf, id=131, 433.62pt x 216.81pt>
File: test/output/2018-09-28_PostProcessing_stringent_ca_Conc_pmio/figure/MTXQC
p2__ca_Conc_pmio-quantities_plot-37.pdf Graphic file (type pdf)
<use test/output/2018-09-28_PostProcessing_stringent_ca_Conc_pmio/figure/MTXQCp
2__ca_Conc_pmio-quantities_plot-37.pdf>
Package pdftex.def Info: test/output/2018-09-28_PostProcessing_stringent_ca_Con
c_pmio/figure/MTXQCp2__ca_Conc_pmio-quantities_plot-37.pdf  used on input line 
620.
(pdftex.def)             Requested size: 433.61894pt x 216.80946pt.
<test/output/2018-09-28_PostProcessing_stringent_ca_Conc_pmio/figure/MTXQCp2__c
a_Conc_pmio-quantities_plot-38.pdf, id=132, 433.62pt x 216.81pt>
File: test/output/2018-09-28_PostProcessing_stringent_ca_Conc_pmio/figure/MTXQC
p2__ca_Conc_pmio-quantities_plot-38.pdf Graphic file (type pdf)
<use test/output/2018-09-28_PostProcessing_stringent_ca_Conc_pmio/figure/MTXQCp
2__ca_Conc_pmio-quantities_plot-38.pdf>
Package pdftex.def Info: test/output/2018-09-28_PostProcessing_stringent_ca_Con
c_pmio/figure/MTXQCp2__ca_Conc_pmio-quantities_plot-38.pdf  used on input line 
627.
(pdftex.def)             Requested size: 433.61894pt x 216.80946pt.
<test/output/2018-09-28_PostProcessing_stringent_ca_Conc_pmio/figure/MTXQCp2__c
a_Conc_pmio-quantities_plot-39.pdf, id=133, 433.62pt x 216.81pt>
File: test/output/2018-09-28_PostProcessing_stringent_ca_Conc_pmio/figure/MTXQC
p2__ca_Conc_pmio-quantities_plot-39.pdf Graphic file (type pdf)
<use test/output/2018-09-28_PostProcessing_stringent_ca_Conc_pmio/figure/MTXQCp
2__ca_Conc_pmio-quantities_plot-39.pdf>
Package pdftex.def Info: test/output/2018-09-28_PostProcessing_stringent_ca_Con
c_pmio/figure/MTXQCp2__ca_Conc_pmio-quantities_plot-39.pdf  used on input line 
634.
(pdftex.def)             Requested size: 433.61894pt x 216.80946pt.
<test/output/2018-09-28_PostProcessing_stringent_ca_Conc_pmio/figure/MTXQCp2__c
a_Conc_pmio-quantities_plot-40.pdf, id=134, 433.62pt x 216.81pt>
File: test/output/2018-09-28_PostProcessing_stringent_ca_Conc_pmio/figure/MTXQC
p2__ca_Conc_pmio-quantities_plot-40.pdf Graphic file (type pdf)
<use test/output/2018-09-28_PostProcessing_stringent_ca_Conc_pmio/figure/MTXQCp
2__ca_Conc_pmio-quantities_plot-40.pdf>
Package pdftex.def Info: test/output/2018-09-28_PostProcessing_stringent_ca_Con
c_pmio/figure/MTXQCp2__ca_Conc_pmio-quantities_plot-40.pdf  used on input line 
641.
(pdftex.def)             Requested size: 433.61894pt x 216.80946pt.
<test/output/2018-09-28_PostProcessing_stringent_ca_Conc_pmio/figure/MTXQCp2__c
a_Conc_pmio-quantities_plot-41.pdf, id=135, 433.62pt x 216.81pt>
File: test/output/2018-09-28_PostProcessing_stringent_ca_Conc_pmio/figure/MTXQC
p2__ca_Conc_pmio-quantities_plot-41.pdf Graphic file (type pdf)
<use test/output/2018-09-28_PostProcessing_stringent_ca_Conc_pmio/figure/MTXQCp
2__ca_Conc_pmio-quantities_plot-41.pdf>
Package pdftex.def Info: test/output/2018-09-28_PostProcessing_stringent_ca_Con
c_pmio/figure/MTXQCp2__ca_Conc_pmio-quantities_plot-41.pdf  used on input line 
648.
(pdftex.def)             Requested size: 433.61894pt x 216.80946pt.
<test/output/2018-09-28_PostProcessing_stringent_ca_Conc_pmio/figure/MTXQCp2__c
a_Conc_pmio-quantities_plot-42.pdf, id=136, 433.62pt x 216.81pt>
File: test/output/2018-09-28_PostProcessing_stringent_ca_Conc_pmio/figure/MTXQC
p2__ca_Conc_pmio-quantities_plot-42.pdf Graphic file (type pdf)
<use test/output/2018-09-28_PostProcessing_stringent_ca_Conc_pmio/figure/MTXQCp
2__ca_Conc_pmio-quantities_plot-42.pdf>
Package pdftex.def Info: test/output/2018-09-28_PostProcessing_stringent_ca_Con
c_pmio/figure/MTXQCp2__ca_Conc_pmio-quantities_plot-42.pdf  used on input line 
655.
(pdftex.def)             Requested size: 433.61894pt x 216.80946pt.
<test/output/2018-09-28_PostProcessing_stringent_ca_Conc_pmio/figure/MTXQCp2__c
a_Conc_pmio-quantities_plot-43.pdf, id=137, 433.62pt x 216.81pt>
File: test/output/2018-09-28_PostProcessing_stringent_ca_Conc_pmio/figure/MTXQC
p2__ca_Conc_pmio-quantities_plot-43.pdf Graphic file (type pdf)
<use test/output/2018-09-28_PostProcessing_stringent_ca_Conc_pmio/figure/MTXQCp
2__ca_Conc_pmio-quantities_plot-43.pdf>
Package pdftex.def Info: test/output/2018-09-28_PostProcessing_stringent_ca_Con
c_pmio/figure/MTXQCp2__ca_Conc_pmio-quantities_plot-43.pdf  used on input line 
662.
(pdftex.def)             Requested size: 433.61894pt x 216.80946pt.
<test/output/2018-09-28_PostProcessing_stringent_ca_Conc_pmio/figure/MTXQCp2__c
a_Conc_pmio-quantities_plot-44.pdf, id=138, 433.62pt x 216.81pt>
File: test/output/2018-09-28_PostProcessing_stringent_ca_Conc_pmio/figure/MTXQC
p2__ca_Conc_pmio-quantities_plot-44.pdf Graphic file (type pdf)
<use test/output/2018-09-28_PostProcessing_stringent_ca_Conc_pmio/figure/MTXQCp
2__ca_Conc_pmio-quantities_plot-44.pdf>
Package pdftex.def Info: test/output/2018-09-28_PostProcessing_stringent_ca_Con
c_pmio/figure/MTXQCp2__ca_Conc_pmio-quantities_plot-44.pdf  used on input line 
669.
(pdftex.def)             Requested size: 433.61894pt x 216.80946pt.
<test/output/2018-09-28_PostProcessing_stringent_ca_Conc_pmio/figure/MTXQCp2__c
a_Conc_pmio-quantities_plot-45.pdf, id=139, 433.62pt x 216.81pt>
File: test/output/2018-09-28_PostProcessing_stringent_ca_Conc_pmio/figure/MTXQC
p2__ca_Conc_pmio-quantities_plot-45.pdf Graphic file (type pdf)
<use test/output/2018-09-28_PostProcessing_stringent_ca_Conc_pmio/figure/MTXQCp
2__ca_Conc_pmio-quantities_plot-45.pdf>
Package pdftex.def Info: test/output/2018-09-28_PostProcessing_stringent_ca_Con
c_pmio/figure/MTXQCp2__ca_Conc_pmio-quantities_plot-45.pdf  used on input line 
676.
(pdftex.def)             Requested size: 433.61894pt x 216.80946pt.
<test/output/2018-09-28_PostProcessing_stringent_ca_Conc_pmio/figure/MTXQCp2__c
a_Conc_pmio-qq_profile-1.pdf, id=140, 505.89pt x 578.16pt>
File: test/output/2018-09-28_PostProcessing_stringent_ca_Conc_pmio/figure/MTXQC
p2__ca_Conc_pmio-qq_profile-1.pdf Graphic file (type pdf)
<use test/output/2018-09-28_PostProcessing_stringent_ca_Conc_pmio/figure/MTXQCp
2__ca_Conc_pmio-qq_profile-1.pdf>
Package pdftex.def Info: test/output/2018-09-28_PostProcessing_stringent_ca_Con
c_pmio/figure/MTXQCp2__ca_Conc_pmio-qq_profile-1.pdf  used on input line 692.
(pdftex.def)             Requested size: 505.88875pt x 578.15858pt.

Overfull \hbox (36.13373pt too wide) in paragraph at lines 692--692
 [] 
 []

[3] [4 <./test/output/2018-09-28_PostProcessing_stringent_ca_Conc_pmio/figure/M
TXQCp2__ca_Conc_pmio-quantities_plot-1.pdf> <./test/output/2018-09-28_PostProce
ssing_stringent_ca_Conc_pmio/figure/MTXQCp2__ca_Conc_pmio-quantities_plot-2.pdf
>] [5 <./test/output/2018-09-28_PostProcessing_stringent_ca_Conc_pmio/figure/MT
XQCp2__ca_Conc_pmio-quantities_plot-3.pdf> <./test/output/2018-09-28_PostProces
sing_stringent_ca_Conc_pmio/figure/MTXQCp2__ca_Conc_pmio-quantities_plot-4.pdf>
] [6 <./test/output/2018-09-28_PostProcessing_stringent_ca_Conc_pmio/figure/MTX
QCp2__ca_Conc_pmio-quantities_plot-5.pdf> <./test/output/2018-09-28_PostProcess
ing_stringent_ca_Conc_pmio/figure/MTXQCp2__ca_Conc_pmio-quantities_plot-6.pdf>]
[7 <./test/output/2018-09-28_PostProcessing_stringent_ca_Conc_pmio/figure/MTXQC
p2__ca_Conc_pmio-quantities_plot-7.pdf> <./test/output/2018-09-28_PostProcessin
g_stringent_ca_Conc_pmio/figure/MTXQCp2__ca_Conc_pmio-quantities_plot-8.pdf>] [
8 <./test/output/2018-09-28_PostProcessing_stringent_ca_Conc_pmio/figure/MTXQCp
2__ca_Conc_pmio-quantities_plot-9.pdf> <./test/output/2018-09-28_PostProcessing
_stringent_ca_Conc_pmio/figure/MTXQCp2__ca_Conc_pmio-quantities_plot-10.pdf>] [
9 <./test/output/2018-09-28_PostProcessing_stringent_ca_Conc_pmio/figure/MTXQCp
2__ca_Conc_pmio-quantities_plot-11.pdf> <./test/output/2018-09-28_PostProcessin
g_stringent_ca_Conc_pmio/figure/MTXQCp2__ca_Conc_pmio-quantities_plot-12.pdf>] 
[10 <./test/output/2018-09-28_PostProcessing_stringent_ca_Conc_pmio/figure/MTXQ
Cp2__ca_Conc_pmio-quantities_plot-13.pdf> <./test/output/2018-09-28_PostProcess
ing_stringent_ca_Conc_pmio/figure/MTXQCp2__ca_Conc_pmio-quantities_plot-14.pdf>
] [11 <./test/output/2018-09-28_PostProcessing_stringent_ca_Conc_pmio/figure/MT
XQCp2__ca_Conc_pmio-quantities_plot-15.pdf> <./test/output/2018-09-28_PostProce
ssing_stringent_ca_Conc_pmio/figure/MTXQCp2__ca_Conc_pmio-quantities_plot-16.pd
f>] [12 <./test/output/2018-09-28_PostProcessing_stringent_ca_Conc_pmio/figure/
MTXQCp2__ca_Conc_pmio-quantities_plot-17.pdf> <./test/output/2018-09-28_PostPro
cessing_stringent_ca_Conc_pmio/figure/MTXQCp2__ca_Conc_pmio-quantities_plot-18.
pdf>] [13 <./test/output/2018-09-28_PostProcessing_stringent_ca_Conc_pmio/figur
e/MTXQCp2__ca_Conc_pmio-quantities_plot-19.pdf> <./test/output/2018-09-28_PostP
rocessing_stringent_ca_Conc_pmio/figure/MTXQCp2__ca_Conc_pmio-quantities_plot-2
0.pdf>] [14 <./test/output/2018-09-28_PostProcessing_stringent_ca_Conc_pmio/fig
ure/MTXQCp2__ca_Conc_pmio-quantities_plot-21.pdf> <./test/output/2018-09-28_Pos
tProcessing_stringent_ca_Conc_pmio/figure/MTXQCp2__ca_Conc_pmio-quantities_plot
-22.pdf>] [15 <./test/output/2018-09-28_PostProcessing_stringent_ca_Conc_pmio/f
igure/MTXQCp2__ca_Conc_pmio-quantities_plot-23.pdf> <./test/output/2018-09-28_P
ostProcessing_stringent_ca_Conc_pmio/figure/MTXQCp2__ca_Conc_pmio-quantities_pl
ot-24.pdf>] [16 <./test/output/2018-09-28_PostProcessing_stringent_ca_Conc_pmio
/figure/MTXQCp2__ca_Conc_pmio-quantities_plot-25.pdf> <./test/output/2018-09-28
_PostProcessing_stringent_ca_Conc_pmio/figure/MTXQCp2__ca_Conc_pmio-quantities_
plot-26.pdf>] [17 <./test/output/2018-09-28_PostProcessing_stringent_ca_Conc_pm
io/figure/MTXQCp2__ca_Conc_pmio-quantities_plot-27.pdf> <./test/output/2018-09-
28_PostProcessing_stringent_ca_Conc_pmio/figure/MTXQCp2__ca_Conc_pmio-quantitie
s_plot-28.pdf>] [18 <./test/output/2018-09-28_PostProcessing_stringent_ca_Conc_
pmio/figure/MTXQCp2__ca_Conc_pmio-quantities_plot-29.pdf> <./test/output/2018-0
9-28_PostProcessing_stringent_ca_Conc_pmio/figure/MTXQCp2__ca_Conc_pmio-quantit
ies_plot-30.pdf>] [19 <./test/output/2018-09-28_PostProcessing_stringent_ca_Con
c_pmio/figure/MTXQCp2__ca_Conc_pmio-quantities_plot-31.pdf> <./test/output/2018
-09-28_PostProcessing_stringent_ca_Conc_pmio/figure/MTXQCp2__ca_Conc_pmio-quant
ities_plot-32.pdf>] [20 <./test/output/2018-09-28_PostProcessing_stringent_ca_C
onc_pmio/figure/MTXQCp2__ca_Conc_pmio-quantities_plot-33.pdf> <./test/output/20
18-09-28_PostProcessing_stringent_ca_Conc_pmio/figure/MTXQCp2__ca_Conc_pmio-qua
ntities_plot-34.pdf>] [21 <./test/output/2018-09-28_PostProcessing_stringent_ca
_Conc_pmio/figure/MTXQCp2__ca_Conc_pmio-quantities_plot-35.pdf> <./test/output/
2018-09-28_PostProcessing_stringent_ca_Conc_pmio/figure/MTXQCp2__ca_Conc_pmio-q
uantities_plot-36.pdf>] [22 <./test/output/2018-09-28_PostProcessing_stringent_
ca_Conc_pmio/figure/MTXQCp2__ca_Conc_pmio-quantities_plot-37.pdf> <./test/outpu
t/2018-09-28_PostProcessing_stringent_ca_Conc_pmio/figure/MTXQCp2__ca_Conc_pmio
-quantities_plot-38.pdf>] [23 <./test/output/2018-09-28_PostProcessing_stringen
t_ca_Conc_pmio/figure/MTXQCp2__ca_Conc_pmio-quantities_plot-39.pdf> <./test/out
put/2018-09-28_PostProcessing_stringent_ca_Conc_pmio/figure/MTXQCp2__ca_Conc_pm
io-quantities_plot-40.pdf>] [24 <./test/output/2018-09-28_PostProcessing_string
ent_ca_Conc_pmio/figure/MTXQCp2__ca_Conc_pmio-quantities_plot-41.pdf> <./test/o
utput/2018-09-28_PostProcessing_stringent_ca_Conc_pmio/figure/MTXQCp2__ca_Conc_
pmio-quantities_plot-42.pdf>] [25 <./test/output/2018-09-28_PostProcessing_stri
ngent_ca_Conc_pmio/figure/MTXQCp2__ca_Conc_pmio-quantities_plot-43.pdf> <./test
/output/2018-09-28_PostProcessing_stringent_ca_Conc_pmio/figure/MTXQCp2__ca_Con
c_pmio-quantities_plot-44.pdf>]
Overfull \vbox (185.35799pt too high) has occurred while \output is active []

[26 <./test/output/2018-09-28_PostProcessing_stringent_ca_Conc_pmio/figure/MTXQ
Cp2__ca_Conc_pmio-quantities_plot-45.pdf> <./test/output/2018-09-28_PostProcess
ing_stringent_ca_Conc_pmio/figure/MTXQCp2__ca_Conc_pmio-qq_profile-1.pdf>]
<test/output/2018-09-28_PostProcessing_stringent_ca_Conc_pmio/figure/MTXQCp2__c
a_Conc_pmio-relative_areas-1.pdf, id=516, 578.16pt x 216.81pt>
File: test/output/2018-09-28_PostProcessing_stringent_ca_Conc_pmio/figure/MTXQC
p2__ca_Conc_pmio-relative_areas-1.pdf Graphic file (type pdf)
<use test/output/2018-09-28_PostProcessing_stringent_ca_Conc_pmio/figure/MTXQCp
2__ca_Conc_pmio-relative_areas-1.pdf>
Package pdftex.def Info: test/output/2018-09-28_PostProcessing_stringent_ca_Con
c_pmio/figure/MTXQCp2__ca_Conc_pmio-relative_areas-1.pdf  used on input line 70
3.
(pdftex.def)             Requested size: 578.15858pt x 216.80946pt.

Overfull \hbox (108.40356pt too wide) in paragraph at lines 703--704
 [][] 
 []

<test/output/2018-09-28_PostProcessing_stringent_ca_Conc_pmio/figure/MTXQCp2__c
a_Conc_pmio-relative_areas-2.pdf, id=517, 578.16pt x 216.81pt>
File: test/output/2018-09-28_PostProcessing_stringent_ca_Conc_pmio/figure/MTXQC
p2__ca_Conc_pmio-relative_areas-2.pdf Graphic file (type pdf)
<use test/output/2018-09-28_PostProcessing_stringent_ca_Conc_pmio/figure/MTXQCp
2__ca_Conc_pmio-relative_areas-2.pdf>
Package pdftex.def Info: test/output/2018-09-28_PostProcessing_stringent_ca_Con
c_pmio/figure/MTXQCp2__ca_Conc_pmio-relative_areas-2.pdf  used on input line 71
0.
(pdftex.def)             Requested size: 578.15858pt x 216.80946pt.

Overfull \hbox (108.40356pt too wide) in paragraph at lines 710--711
 [][] 
 []

<test/output/2018-09-28_PostProcessing_stringent_ca_Conc_pmio/figure/MTXQCp2__c
a_Conc_pmio-relative_areas-3.pdf, id=518, 578.16pt x 216.81pt>
File: test/output/2018-09-28_PostProcessing_stringent_ca_Conc_pmio/figure/MTXQC
p2__ca_Conc_pmio-relative_areas-3.pdf Graphic file (type pdf)
<use test/output/2018-09-28_PostProcessing_stringent_ca_Conc_pmio/figure/MTXQCp
2__ca_Conc_pmio-relative_areas-3.pdf>
Package pdftex.def Info: test/output/2018-09-28_PostProcessing_stringent_ca_Con
c_pmio/figure/MTXQCp2__ca_Conc_pmio-relative_areas-3.pdf  used on input line 71
7.
(pdftex.def)             Requested size: 578.15858pt x 216.80946pt.

Overfull \hbox (108.40356pt too wide) in paragraph at lines 717--718
 [][] 
 []

<test/output/2018-09-28_PostProcessing_stringent_ca_Conc_pmio/figure/MTXQCp2__c
a_Conc_pmio-relative_areas-4.pdf, id=519, 578.16pt x 216.81pt>
File: test/output/2018-09-28_PostProcessing_stringent_ca_Conc_pmio/figure/MTXQC
p2__ca_Conc_pmio-relative_areas-4.pdf Graphic file (type pdf)
<use test/output/2018-09-28_PostProcessing_stringent_ca_Conc_pmio/figure/MTXQCp
2__ca_Conc_pmio-relative_areas-4.pdf>
Package pdftex.def Info: test/output/2018-09-28_PostProcessing_stringent_ca_Con
c_pmio/figure/MTXQCp2__ca_Conc_pmio-relative_areas-4.pdf  used on input line 72
4.
(pdftex.def)             Requested size: 578.15858pt x 216.80946pt.

Overfull \hbox (108.40356pt too wide) in paragraph at lines 724--725
 [][] 
 []

<test/output/2018-09-28_PostProcessing_stringent_ca_Conc_pmio/figure/MTXQCp2__c
a_Conc_pmio-relative_areas-5.pdf, id=520, 578.16pt x 216.81pt>
File: test/output/2018-09-28_PostProcessing_stringent_ca_Conc_pmio/figure/MTXQC
p2__ca_Conc_pmio-relative_areas-5.pdf Graphic file (type pdf)
<use test/output/2018-09-28_PostProcessing_stringent_ca_Conc_pmio/figure/MTXQCp
2__ca_Conc_pmio-relative_areas-5.pdf>
Package pdftex.def Info: test/output/2018-09-28_PostProcessing_stringent_ca_Con
c_pmio/figure/MTXQCp2__ca_Conc_pmio-relative_areas-5.pdf  used on input line 73
1.
(pdftex.def)             Requested size: 578.15858pt x 216.80946pt.

Overfull \hbox (108.40356pt too wide) in paragraph at lines 731--732
 [][] 
 []

<test/output/2018-09-28_PostProcessing_stringent_ca_Conc_pmio/figure/MTXQCp2__c
a_Conc_pmio-relative_areas-6.pdf, id=521, 578.16pt x 216.81pt>
File: test/output/2018-09-28_PostProcessing_stringent_ca_Conc_pmio/figure/MTXQC
p2__ca_Conc_pmio-relative_areas-6.pdf Graphic file (type pdf)
<use test/output/2018-09-28_PostProcessing_stringent_ca_Conc_pmio/figure/MTXQCp
2__ca_Conc_pmio-relative_areas-6.pdf>
Package pdftex.def Info: test/output/2018-09-28_PostProcessing_stringent_ca_Con
c_pmio/figure/MTXQCp2__ca_Conc_pmio-relative_areas-6.pdf  used on input line 73
8.
(pdftex.def)             Requested size: 578.15858pt x 216.80946pt.

Overfull \hbox (108.40356pt too wide) in paragraph at lines 738--739
 [][] 
 []

<test/output/2018-09-28_PostProcessing_stringent_ca_Conc_pmio/figure/MTXQCp2__c
a_Conc_pmio-relative_areas-7.pdf, id=522, 578.16pt x 216.81pt>
File: test/output/2018-09-28_PostProcessing_stringent_ca_Conc_pmio/figure/MTXQC
p2__ca_Conc_pmio-relative_areas-7.pdf Graphic file (type pdf)
<use test/output/2018-09-28_PostProcessing_stringent_ca_Conc_pmio/figure/MTXQCp
2__ca_Conc_pmio-relative_areas-7.pdf>
Package pdftex.def Info: test/output/2018-09-28_PostProcessing_stringent_ca_Con
c_pmio/figure/MTXQCp2__ca_Conc_pmio-relative_areas-7.pdf  used on input line 74
5.
(pdftex.def)             Requested size: 578.15858pt x 216.80946pt.

Overfull \hbox (108.40356pt too wide) in paragraph at lines 745--746
 [][] 
 []

<test/output/2018-09-28_PostProcessing_stringent_ca_Conc_pmio/figure/MTXQCp2__c
a_Conc_pmio-relative_areas-8.pdf, id=523, 578.16pt x 216.81pt>
File: test/output/2018-09-28_PostProcessing_stringent_ca_Conc_pmio/figure/MTXQC
p2__ca_Conc_pmio-relative_areas-8.pdf Graphic file (type pdf)
<use test/output/2018-09-28_PostProcessing_stringent_ca_Conc_pmio/figure/MTXQCp
2__ca_Conc_pmio-relative_areas-8.pdf>
Package pdftex.def Info: test/output/2018-09-28_PostProcessing_stringent_ca_Con
c_pmio/figure/MTXQCp2__ca_Conc_pmio-relative_areas-8.pdf  used on input line 75
2.
(pdftex.def)             Requested size: 578.15858pt x 216.80946pt.

Overfull \hbox (108.40356pt too wide) in paragraph at lines 752--753
 [][] 
 []

<test/output/2018-09-28_PostProcessing_stringent_ca_Conc_pmio/figure/MTXQCp2__c
a_Conc_pmio-relative_areas-9.pdf, id=524, 578.16pt x 216.81pt>
File: test/output/2018-09-28_PostProcessing_stringent_ca_Conc_pmio/figure/MTXQC
p2__ca_Conc_pmio-relative_areas-9.pdf Graphic file (type pdf)
<use test/output/2018-09-28_PostProcessing_stringent_ca_Conc_pmio/figure/MTXQCp
2__ca_Conc_pmio-relative_areas-9.pdf>
Package pdftex.def Info: test/output/2018-09-28_PostProcessing_stringent_ca_Con
c_pmio/figure/MTXQCp2__ca_Conc_pmio-relative_areas-9.pdf  used on input line 75
9.
(pdftex.def)             Requested size: 578.15858pt x 216.80946pt.

Overfull \hbox (108.40356pt too wide) in paragraph at lines 759--760
 [][] 
 []

<test/output/2018-09-28_PostProcessing_stringent_ca_Conc_pmio/figure/MTXQCp2__c
a_Conc_pmio-relative_areas-10.pdf, id=525, 578.16pt x 216.81pt>
File: test/output/2018-09-28_PostProcessing_stringent_ca_Conc_pmio/figure/MTXQC
p2__ca_Conc_pmio-relative_areas-10.pdf Graphic file (type pdf)
<use test/output/2018-09-28_PostProcessing_stringent_ca_Conc_pmio/figure/MTXQCp
2__ca_Conc_pmio-relative_areas-10.pdf>
Package pdftex.def Info: test/output/2018-09-28_PostProcessing_stringent_ca_Con
c_pmio/figure/MTXQCp2__ca_Conc_pmio-relative_areas-10.pdf  used on input line 7
66.
(pdftex.def)             Requested size: 578.15858pt x 216.80946pt.

Overfull \hbox (108.40356pt too wide) in paragraph at lines 766--767
 [][] 
 []

<test/output/2018-09-28_PostProcessing_stringent_ca_Conc_pmio/figure/MTXQCp2__c
a_Conc_pmio-relative_areas-11.pdf, id=526, 578.16pt x 216.81pt>
File: test/output/2018-09-28_PostProcessing_stringent_ca_Conc_pmio/figure/MTXQC
p2__ca_Conc_pmio-relative_areas-11.pdf Graphic file (type pdf)
<use test/output/2018-09-28_PostProcessing_stringent_ca_Conc_pmio/figure/MTXQCp
2__ca_Conc_pmio-relative_areas-11.pdf>
Package pdftex.def Info: test/output/2018-09-28_PostProcessing_stringent_ca_Con
c_pmio/figure/MTXQCp2__ca_Conc_pmio-relative_areas-11.pdf  used on input line 7
73.
(pdftex.def)             Requested size: 578.15858pt x 216.80946pt.

Overfull \hbox (108.40356pt too wide) in paragraph at lines 773--774
 [][] 
 []

<test/output/2018-09-28_PostProcessing_stringent_ca_Conc_pmio/figure/MTXQCp2__c
a_Conc_pmio-relative_areas-12.pdf, id=527, 578.16pt x 216.81pt>
File: test/output/2018-09-28_PostProcessing_stringent_ca_Conc_pmio/figure/MTXQC
p2__ca_Conc_pmio-relative_areas-12.pdf Graphic file (type pdf)
<use test/output/2018-09-28_PostProcessing_stringent_ca_Conc_pmio/figure/MTXQCp
2__ca_Conc_pmio-relative_areas-12.pdf>
Package pdftex.def Info: test/output/2018-09-28_PostProcessing_stringent_ca_Con
c_pmio/figure/MTXQCp2__ca_Conc_pmio-relative_areas-12.pdf  used on input line 7
80.
(pdftex.def)             Requested size: 578.15858pt x 216.80946pt.

Overfull \hbox (108.40356pt too wide) in paragraph at lines 780--781
 [][] 
 []

<test/output/2018-09-28_PostProcessing_stringent_ca_Conc_pmio/figure/MTXQCp2__c
a_Conc_pmio-relative_areas-13.pdf, id=528, 578.16pt x 216.81pt>
File: test/output/2018-09-28_PostProcessing_stringent_ca_Conc_pmio/figure/MTXQC
p2__ca_Conc_pmio-relative_areas-13.pdf Graphic file (type pdf)
<use test/output/2018-09-28_PostProcessing_stringent_ca_Conc_pmio/figure/MTXQCp
2__ca_Conc_pmio-relative_areas-13.pdf>
Package pdftex.def Info: test/output/2018-09-28_PostProcessing_stringent_ca_Con
c_pmio/figure/MTXQCp2__ca_Conc_pmio-relative_areas-13.pdf  used on input line 7
87.
(pdftex.def)             Requested size: 578.15858pt x 216.80946pt.

Overfull \hbox (108.40356pt too wide) in paragraph at lines 787--788
 [][] 
 []

<test/output/2018-09-28_PostProcessing_stringent_ca_Conc_pmio/figure/MTXQCp2__c
a_Conc_pmio-relative_areas-14.pdf, id=529, 578.16pt x 216.81pt>
File: test/output/2018-09-28_PostProcessing_stringent_ca_Conc_pmio/figure/MTXQC
p2__ca_Conc_pmio-relative_areas-14.pdf Graphic file (type pdf)
<use test/output/2018-09-28_PostProcessing_stringent_ca_Conc_pmio/figure/MTXQCp
2__ca_Conc_pmio-relative_areas-14.pdf>
Package pdftex.def Info: test/output/2018-09-28_PostProcessing_stringent_ca_Con
c_pmio/figure/MTXQCp2__ca_Conc_pmio-relative_areas-14.pdf  used on input line 7
94.
(pdftex.def)             Requested size: 578.15858pt x 216.80946pt.

Overfull \hbox (108.40356pt too wide) in paragraph at lines 794--795
 [][] 
 []

<test/output/2018-09-28_PostProcessing_stringent_ca_Conc_pmio/figure/MTXQCp2__c
a_Conc_pmio-relative_areas-15.pdf, id=530, 578.16pt x 216.81pt>
File: test/output/2018-09-28_PostProcessing_stringent_ca_Conc_pmio/figure/MTXQC
p2__ca_Conc_pmio-relative_areas-15.pdf Graphic file (type pdf)
<use test/output/2018-09-28_PostProcessing_stringent_ca_Conc_pmio/figure/MTXQCp
2__ca_Conc_pmio-relative_areas-15.pdf>
Package pdftex.def Info: test/output/2018-09-28_PostProcessing_stringent_ca_Con
c_pmio/figure/MTXQCp2__ca_Conc_pmio-relative_areas-15.pdf  used on input line 8
01.
(pdftex.def)             Requested size: 578.15858pt x 216.80946pt.

Overfull \hbox (108.40356pt too wide) in paragraph at lines 801--802
 [][] 
 []

<test/output/2018-09-28_PostProcessing_stringent_ca_Conc_pmio/figure/MTXQCp2__c
a_Conc_pmio-relative_areas-16.pdf, id=531, 578.16pt x 216.81pt>
File: test/output/2018-09-28_PostProcessing_stringent_ca_Conc_pmio/figure/MTXQC
p2__ca_Conc_pmio-relative_areas-16.pdf Graphic file (type pdf)
<use test/output/2018-09-28_PostProcessing_stringent_ca_Conc_pmio/figure/MTXQCp
2__ca_Conc_pmio-relative_areas-16.pdf>
Package pdftex.def Info: test/output/2018-09-28_PostProcessing_stringent_ca_Con
c_pmio/figure/MTXQCp2__ca_Conc_pmio-relative_areas-16.pdf  used on input line 8
08.
(pdftex.def)             Requested size: 578.15858pt x 216.80946pt.

Overfull \hbox (108.40356pt too wide) in paragraph at lines 808--809
 [][] 
 []

<test/output/2018-09-28_PostProcessing_stringent_ca_Conc_pmio/figure/MTXQCp2__c
a_Conc_pmio-relative_areas-17.pdf, id=532, 578.16pt x 216.81pt>
File: test/output/2018-09-28_PostProcessing_stringent_ca_Conc_pmio/figure/MTXQC
p2__ca_Conc_pmio-relative_areas-17.pdf Graphic file (type pdf)
<use test/output/2018-09-28_PostProcessing_stringent_ca_Conc_pmio/figure/MTXQCp
2__ca_Conc_pmio-relative_areas-17.pdf>
Package pdftex.def Info: test/output/2018-09-28_PostProcessing_stringent_ca_Con
c_pmio/figure/MTXQCp2__ca_Conc_pmio-relative_areas-17.pdf  used on input line 8
15.
(pdftex.def)             Requested size: 578.15858pt x 216.80946pt.

Overfull \hbox (108.40356pt too wide) in paragraph at lines 815--816
 [][] 
 []

<test/output/2018-09-28_PostProcessing_stringent_ca_Conc_pmio/figure/MTXQCp2__c
a_Conc_pmio-relative_areas-18.pdf, id=533, 578.16pt x 216.81pt>
File: test/output/2018-09-28_PostProcessing_stringent_ca_Conc_pmio/figure/MTXQC
p2__ca_Conc_pmio-relative_areas-18.pdf Graphic file (type pdf)
<use test/output/2018-09-28_PostProcessing_stringent_ca_Conc_pmio/figure/MTXQCp
2__ca_Conc_pmio-relative_areas-18.pdf>
Package pdftex.def Info: test/output/2018-09-28_PostProcessing_stringent_ca_Con
c_pmio/figure/MTXQCp2__ca_Conc_pmio-relative_areas-18.pdf  used on input line 8
22.
(pdftex.def)             Requested size: 578.15858pt x 216.80946pt.

Overfull \hbox (108.40356pt too wide) in paragraph at lines 822--823
 [][] 
 []

<test/output/2018-09-28_PostProcessing_stringent_ca_Conc_pmio/figure/MTXQCp2__c
a_Conc_pmio-relative_areas-19.pdf, id=534, 578.16pt x 216.81pt>
File: test/output/2018-09-28_PostProcessing_stringent_ca_Conc_pmio/figure/MTXQC
p2__ca_Conc_pmio-relative_areas-19.pdf Graphic file (type pdf)
<use test/output/2018-09-28_PostProcessing_stringent_ca_Conc_pmio/figure/MTXQCp
2__ca_Conc_pmio-relative_areas-19.pdf>
Package pdftex.def Info: test/output/2018-09-28_PostProcessing_stringent_ca_Con
c_pmio/figure/MTXQCp2__ca_Conc_pmio-relative_areas-19.pdf  used on input line 8
29.
(pdftex.def)             Requested size: 578.15858pt x 216.80946pt.

Overfull \hbox (108.40356pt too wide) in paragraph at lines 829--830
 [][] 
 []

<test/output/2018-09-28_PostProcessing_stringent_ca_Conc_pmio/figure/MTXQCp2__c
a_Conc_pmio-relative_areas-20.pdf, id=535, 578.16pt x 216.81pt>
File: test/output/2018-09-28_PostProcessing_stringent_ca_Conc_pmio/figure/MTXQC
p2__ca_Conc_pmio-relative_areas-20.pdf Graphic file (type pdf)
<use test/output/2018-09-28_PostProcessing_stringent_ca_Conc_pmio/figure/MTXQCp
2__ca_Conc_pmio-relative_areas-20.pdf>
Package pdftex.def Info: test/output/2018-09-28_PostProcessing_stringent_ca_Con
c_pmio/figure/MTXQCp2__ca_Conc_pmio-relative_areas-20.pdf  used on input line 8
36.
(pdftex.def)             Requested size: 578.15858pt x 216.80946pt.

Overfull \hbox (108.40356pt too wide) in paragraph at lines 836--837
 [][] 
 []

<test/output/2018-09-28_PostProcessing_stringent_ca_Conc_pmio/figure/MTXQCp2__c
a_Conc_pmio-relative_areas-21.pdf, id=536, 578.16pt x 216.81pt>
File: test/output/2018-09-28_PostProcessing_stringent_ca_Conc_pmio/figure/MTXQC
p2__ca_Conc_pmio-relative_areas-21.pdf Graphic file (type pdf)
<use test/output/2018-09-28_PostProcessing_stringent_ca_Conc_pmio/figure/MTXQCp
2__ca_Conc_pmio-relative_areas-21.pdf>
Package pdftex.def Info: test/output/2018-09-28_PostProcessing_stringent_ca_Con
c_pmio/figure/MTXQCp2__ca_Conc_pmio-relative_areas-21.pdf  used on input line 8
43.
(pdftex.def)             Requested size: 578.15858pt x 216.80946pt.

Overfull \hbox (108.40356pt too wide) in paragraph at lines 843--844
 [][] 
 []

<test/output/2018-09-28_PostProcessing_stringent_ca_Conc_pmio/figure/MTXQCp2__c
a_Conc_pmio-relative_areas-22.pdf, id=537, 578.16pt x 216.81pt>
File: test/output/2018-09-28_PostProcessing_stringent_ca_Conc_pmio/figure/MTXQC
p2__ca_Conc_pmio-relative_areas-22.pdf Graphic file (type pdf)
<use test/output/2018-09-28_PostProcessing_stringent_ca_Conc_pmio/figure/MTXQCp
2__ca_Conc_pmio-relative_areas-22.pdf>
Package pdftex.def Info: test/output/2018-09-28_PostProcessing_stringent_ca_Con
c_pmio/figure/MTXQCp2__ca_Conc_pmio-relative_areas-22.pdf  used on input line 8
50.
(pdftex.def)             Requested size: 578.15858pt x 216.80946pt.

Overfull \hbox (108.40356pt too wide) in paragraph at lines 850--851
 [][] 
 []

<test/output/2018-09-28_PostProcessing_stringent_ca_Conc_pmio/figure/MTXQCp2__c
a_Conc_pmio-relative_areas-23.pdf, id=538, 578.16pt x 216.81pt>
File: test/output/2018-09-28_PostProcessing_stringent_ca_Conc_pmio/figure/MTXQC
p2__ca_Conc_pmio-relative_areas-23.pdf Graphic file (type pdf)
<use test/output/2018-09-28_PostProcessing_stringent_ca_Conc_pmio/figure/MTXQCp
2__ca_Conc_pmio-relative_areas-23.pdf>
Package pdftex.def Info: test/output/2018-09-28_PostProcessing_stringent_ca_Con
c_pmio/figure/MTXQCp2__ca_Conc_pmio-relative_areas-23.pdf  used on input line 8
57.
(pdftex.def)             Requested size: 578.15858pt x 216.80946pt.

Overfull \hbox (108.40356pt too wide) in paragraph at lines 857--858
 [][] 
 []

<test/output/2018-09-28_PostProcessing_stringent_ca_Conc_pmio/figure/MTXQCp2__c
a_Conc_pmio-relative_areas-24.pdf, id=539, 578.16pt x 216.81pt>
File: test/output/2018-09-28_PostProcessing_stringent_ca_Conc_pmio/figure/MTXQC
p2__ca_Conc_pmio-relative_areas-24.pdf Graphic file (type pdf)
<use test/output/2018-09-28_PostProcessing_stringent_ca_Conc_pmio/figure/MTXQCp
2__ca_Conc_pmio-relative_areas-24.pdf>
Package pdftex.def Info: test/output/2018-09-28_PostProcessing_stringent_ca_Con
c_pmio/figure/MTXQCp2__ca_Conc_pmio-relative_areas-24.pdf  used on input line 8
64.
(pdftex.def)             Requested size: 578.15858pt x 216.80946pt.

Overfull \hbox (108.40356pt too wide) in paragraph at lines 864--865
 [][] 
 []

<test/output/2018-09-28_PostProcessing_stringent_ca_Conc_pmio/figure/MTXQCp2__c
a_Conc_pmio-relative_areas-25.pdf, id=540, 578.16pt x 216.81pt>
File: test/output/2018-09-28_PostProcessing_stringent_ca_Conc_pmio/figure/MTXQC
p2__ca_Conc_pmio-relative_areas-25.pdf Graphic file (type pdf)
<use test/output/2018-09-28_PostProcessing_stringent_ca_Conc_pmio/figure/MTXQCp
2__ca_Conc_pmio-relative_areas-25.pdf>
Package pdftex.def Info: test/output/2018-09-28_PostProcessing_stringent_ca_Con
c_pmio/figure/MTXQCp2__ca_Conc_pmio-relative_areas-25.pdf  used on input line 8
71.
(pdftex.def)             Requested size: 578.15858pt x 216.80946pt.

Overfull \hbox (108.40356pt too wide) in paragraph at lines 871--872
 [][] 
 []

<test/output/2018-09-28_PostProcessing_stringent_ca_Conc_pmio/figure/MTXQCp2__c
a_Conc_pmio-relative_areas-26.pdf, id=541, 578.16pt x 216.81pt>
File: test/output/2018-09-28_PostProcessing_stringent_ca_Conc_pmio/figure/MTXQC
p2__ca_Conc_pmio-relative_areas-26.pdf Graphic file (type pdf)
<use test/output/2018-09-28_PostProcessing_stringent_ca_Conc_pmio/figure/MTXQCp
2__ca_Conc_pmio-relative_areas-26.pdf>
Package pdftex.def Info: test/output/2018-09-28_PostProcessing_stringent_ca_Con
c_pmio/figure/MTXQCp2__ca_Conc_pmio-relative_areas-26.pdf  used on input line 8
78.
(pdftex.def)             Requested size: 578.15858pt x 216.80946pt.

Overfull \hbox (108.40356pt too wide) in paragraph at lines 878--879
 [][] 
 []

<test/output/2018-09-28_PostProcessing_stringent_ca_Conc_pmio/figure/MTXQCp2__c
a_Conc_pmio-relative_areas-27.pdf, id=542, 578.16pt x 216.81pt>
File: test/output/2018-09-28_PostProcessing_stringent_ca_Conc_pmio/figure/MTXQC
p2__ca_Conc_pmio-relative_areas-27.pdf Graphic file (type pdf)
<use test/output/2018-09-28_PostProcessing_stringent_ca_Conc_pmio/figure/MTXQCp
2__ca_Conc_pmio-relative_areas-27.pdf>
Package pdftex.def Info: test/output/2018-09-28_PostProcessing_stringent_ca_Con
c_pmio/figure/MTXQCp2__ca_Conc_pmio-relative_areas-27.pdf  used on input line 8
85.
(pdftex.def)             Requested size: 578.15858pt x 216.80946pt.

Overfull \hbox (108.40356pt too wide) in paragraph at lines 885--886
 [][] 
 []

<test/output/2018-09-28_PostProcessing_stringent_ca_Conc_pmio/figure/MTXQCp2__c
a_Conc_pmio-inc_plot-1.pdf, id=543, 505.89pt x 361.35pt>
File: test/output/2018-09-28_PostProcessing_stringent_ca_Conc_pmio/figure/MTXQC
p2__ca_Conc_pmio-inc_plot-1.pdf Graphic file (type pdf)
<use test/output/2018-09-28_PostProcessing_stringent_ca_Conc_pmio/figure/MTXQCp
2__ca_Conc_pmio-inc_plot-1.pdf>
Package pdftex.def Info: test/output/2018-09-28_PostProcessing_stringent_ca_Con
c_pmio/figure/MTXQCp2__ca_Conc_pmio-inc_plot-1.pdf  used on input line 907.
(pdftex.def)             Requested size: 505.88875pt x 361.34912pt.

Overfull \hbox (36.13373pt too wide) in paragraph at lines 907--908
 [][] 
 []

<test/output/2018-09-28_PostProcessing_stringent_ca_Conc_pmio/figure/MTXQCp2__c
a_Conc_pmio-inc_plot-2.pdf, id=544, 505.89pt x 361.35pt>
File: test/output/2018-09-28_PostProcessing_stringent_ca_Conc_pmio/figure/MTXQC
p2__ca_Conc_pmio-inc_plot-2.pdf Graphic file (type pdf)
<use test/output/2018-09-28_PostProcessing_stringent_ca_Conc_pmio/figure/MTXQCp
2__ca_Conc_pmio-inc_plot-2.pdf>
Package pdftex.def Info: test/output/2018-09-28_PostProcessing_stringent_ca_Con
c_pmio/figure/MTXQCp2__ca_Conc_pmio-inc_plot-2.pdf  used on input line 914.
(pdftex.def)             Requested size: 505.88875pt x 361.34912pt.

Overfull \hbox (36.13373pt too wide) in paragraph at lines 914--915
 [][] 
 []

<test/output/2018-09-28_PostProcessing_stringent_ca_Conc_pmio/figure/MTXQCp2__c
a_Conc_pmio-inc_plot-3.pdf, id=545, 505.89pt x 361.35pt>
File: test/output/2018-09-28_PostProcessing_stringent_ca_Conc_pmio/figure/MTXQC
p2__ca_Conc_pmio-inc_plot-3.pdf Graphic file (type pdf)
<use test/output/2018-09-28_PostProcessing_stringent_ca_Conc_pmio/figure/MTXQCp
2__ca_Conc_pmio-inc_plot-3.pdf>
Package pdftex.def Info: test/output/2018-09-28_PostProcessing_stringent_ca_Con
c_pmio/figure/MTXQCp2__ca_Conc_pmio-inc_plot-3.pdf  used on input line 921.
(pdftex.def)             Requested size: 505.88875pt x 361.34912pt.

Overfull \hbox (36.13373pt too wide) in paragraph at lines 921--922
 [][] 
 []

<test/output/2018-09-28_PostProcessing_stringent_ca_Conc_pmio/figure/MTXQCp2__c
a_Conc_pmio-inc_plot-4.pdf, id=546, 505.89pt x 361.35pt>
File: test/output/2018-09-28_PostProcessing_stringent_ca_Conc_pmio/figure/MTXQC
p2__ca_Conc_pmio-inc_plot-4.pdf Graphic file (type pdf)
<use test/output/2018-09-28_PostProcessing_stringent_ca_Conc_pmio/figure/MTXQCp
2__ca_Conc_pmio-inc_plot-4.pdf>
Package pdftex.def Info: test/output/2018-09-28_PostProcessing_stringent_ca_Con
c_pmio/figure/MTXQCp2__ca_Conc_pmio-inc_plot-4.pdf  used on input line 928.
(pdftex.def)             Requested size: 505.88875pt x 361.34912pt.

Overfull \hbox (36.13373pt too wide) in paragraph at lines 928--929
 [][] 
 []

<test/output/2018-09-28_PostProcessing_stringent_ca_Conc_pmio/figure/MTXQCp2__c
a_Conc_pmio-inc_plot-5.pdf, id=547, 505.89pt x 361.35pt>
File: test/output/2018-09-28_PostProcessing_stringent_ca_Conc_pmio/figure/MTXQC
p2__ca_Conc_pmio-inc_plot-5.pdf Graphic file (type pdf)
<use test/output/2018-09-28_PostProcessing_stringent_ca_Conc_pmio/figure/MTXQCp
2__ca_Conc_pmio-inc_plot-5.pdf>
Package pdftex.def Info: test/output/2018-09-28_PostProcessing_stringent_ca_Con
c_pmio/figure/MTXQCp2__ca_Conc_pmio-inc_plot-5.pdf  used on input line 935.
(pdftex.def)             Requested size: 505.88875pt x 361.34912pt.

Overfull \hbox (36.13373pt too wide) in paragraph at lines 935--936
 [][] 
 []

<test/output/2018-09-28_PostProcessing_stringent_ca_Conc_pmio/figure/MTXQCp2__c
a_Conc_pmio-inc_plot-6.pdf, id=548, 505.89pt x 361.35pt>
File: test/output/2018-09-28_PostProcessing_stringent_ca_Conc_pmio/figure/MTXQC
p2__ca_Conc_pmio-inc_plot-6.pdf Graphic file (type pdf)
<use test/output/2018-09-28_PostProcessing_stringent_ca_Conc_pmio/figure/MTXQCp
2__ca_Conc_pmio-inc_plot-6.pdf>
Package pdftex.def Info: test/output/2018-09-28_PostProcessing_stringent_ca_Con
c_pmio/figure/MTXQCp2__ca_Conc_pmio-inc_plot-6.pdf  used on input line 942.
(pdftex.def)             Requested size: 505.88875pt x 361.34912pt.

Overfull \hbox (36.13373pt too wide) in paragraph at lines 942--943
 [][] 
 []

<test/output/2018-09-28_PostProcessing_stringent_ca_Conc_pmio/figure/MTXQCp2__c
a_Conc_pmio-inc_plot-7.pdf, id=549, 505.89pt x 361.35pt>
File: test/output/2018-09-28_PostProcessing_stringent_ca_Conc_pmio/figure/MTXQC
p2__ca_Conc_pmio-inc_plot-7.pdf Graphic file (type pdf)
<use test/output/2018-09-28_PostProcessing_stringent_ca_Conc_pmio/figure/MTXQCp
2__ca_Conc_pmio-inc_plot-7.pdf>
Package pdftex.def Info: test/output/2018-09-28_PostProcessing_stringent_ca_Con
c_pmio/figure/MTXQCp2__ca_Conc_pmio-inc_plot-7.pdf  used on input line 949.
(pdftex.def)             Requested size: 505.88875pt x 361.34912pt.

Overfull \hbox (36.13373pt too wide) in paragraph at lines 949--950
 [][] 
 []

<test/output/2018-09-28_PostProcessing_stringent_ca_Conc_pmio/figure/MTXQCp2__c
a_Conc_pmio-inc_plot-8.pdf, id=550, 505.89pt x 361.35pt>
File: test/output/2018-09-28_PostProcessing_stringent_ca_Conc_pmio/figure/MTXQC
p2__ca_Conc_pmio-inc_plot-8.pdf Graphic file (type pdf)
<use test/output/2018-09-28_PostProcessing_stringent_ca_Conc_pmio/figure/MTXQCp
2__ca_Conc_pmio-inc_plot-8.pdf>
Package pdftex.def Info: test/output/2018-09-28_PostProcessing_stringent_ca_Con
c_pmio/figure/MTXQCp2__ca_Conc_pmio-inc_plot-8.pdf  used on input line 956.
(pdftex.def)             Requested size: 505.88875pt x 361.34912pt.

Overfull \hbox (36.13373pt too wide) in paragraph at lines 956--957
 [][] 
 []

<test/output/2018-09-28_PostProcessing_stringent_ca_Conc_pmio/figure/MTXQCp2__c
a_Conc_pmio-inc_plot-9.pdf, id=551, 505.89pt x 361.35pt>
File: test/output/2018-09-28_PostProcessing_stringent_ca_Conc_pmio/figure/MTXQC
p2__ca_Conc_pmio-inc_plot-9.pdf Graphic file (type pdf)
<use test/output/2018-09-28_PostProcessing_stringent_ca_Conc_pmio/figure/MTXQCp
2__ca_Conc_pmio-inc_plot-9.pdf>
Package pdftex.def Info: test/output/2018-09-28_PostProcessing_stringent_ca_Con
c_pmio/figure/MTXQCp2__ca_Conc_pmio-inc_plot-9.pdf  used on input line 963.
(pdftex.def)             Requested size: 505.88875pt x 361.34912pt.

Overfull \hbox (36.13373pt too wide) in paragraph at lines 963--964
 [][] 
 []

<test/output/2018-09-28_PostProcessing_stringent_ca_Conc_pmio/figure/MTXQCp2__c
a_Conc_pmio-inc_plot-10.pdf, id=552, 505.89pt x 361.35pt>
File: test/output/2018-09-28_PostProcessing_stringent_ca_Conc_pmio/figure/MTXQC
p2__ca_Conc_pmio-inc_plot-10.pdf Graphic file (type pdf)
<use test/output/2018-09-28_PostProcessing_stringent_ca_Conc_pmio/figure/MTXQCp
2__ca_Conc_pmio-inc_plot-10.pdf>
Package pdftex.def Info: test/output/2018-09-28_PostProcessing_stringent_ca_Con
c_pmio/figure/MTXQCp2__ca_Conc_pmio-inc_plot-10.pdf  used on input line 970.
(pdftex.def)             Requested size: 505.88875pt x 361.34912pt.

Overfull \hbox (36.13373pt too wide) in paragraph at lines 970--971
 [][] 
 []

<test/output/2018-09-28_PostProcessing_stringent_ca_Conc_pmio/figure/MTXQCp2__c
a_Conc_pmio-inc_plot-11.pdf, id=553, 505.89pt x 361.35pt>
File: test/output/2018-09-28_PostProcessing_stringent_ca_Conc_pmio/figure/MTXQC
p2__ca_Conc_pmio-inc_plot-11.pdf Graphic file (type pdf)
<use test/output/2018-09-28_PostProcessing_stringent_ca_Conc_pmio/figure/MTXQCp
2__ca_Conc_pmio-inc_plot-11.pdf>
Package pdftex.def Info: test/output/2018-09-28_PostProcessing_stringent_ca_Con
c_pmio/figure/MTXQCp2__ca_Conc_pmio-inc_plot-11.pdf  used on input line 977.
(pdftex.def)             Requested size: 505.88875pt x 361.34912pt.

Overfull \hbox (36.13373pt too wide) in paragraph at lines 977--978
 [][] 
 []

<test/output/2018-09-28_PostProcessing_stringent_ca_Conc_pmio/figure/MTXQCp2__c
a_Conc_pmio-inc_plot-12.pdf, id=554, 505.89pt x 361.35pt>
File: test/output/2018-09-28_PostProcessing_stringent_ca_Conc_pmio/figure/MTXQC
p2__ca_Conc_pmio-inc_plot-12.pdf Graphic file (type pdf)
<use test/output/2018-09-28_PostProcessing_stringent_ca_Conc_pmio/figure/MTXQCp
2__ca_Conc_pmio-inc_plot-12.pdf>
Package pdftex.def Info: test/output/2018-09-28_PostProcessing_stringent_ca_Con
c_pmio/figure/MTXQCp2__ca_Conc_pmio-inc_plot-12.pdf  used on input line 984.
(pdftex.def)             Requested size: 505.88875pt x 361.34912pt.

Overfull \hbox (36.13373pt too wide) in paragraph at lines 984--985
 [][] 
 []

<test/output/2018-09-28_PostProcessing_stringent_ca_Conc_pmio/figure/MTXQCp2__c
a_Conc_pmio-inc_plot-13.pdf, id=555, 505.89pt x 361.35pt>
File: test/output/2018-09-28_PostProcessing_stringent_ca_Conc_pmio/figure/MTXQC
p2__ca_Conc_pmio-inc_plot-13.pdf Graphic file (type pdf)
<use test/output/2018-09-28_PostProcessing_stringent_ca_Conc_pmio/figure/MTXQCp
2__ca_Conc_pmio-inc_plot-13.pdf>
Package pdftex.def Info: test/output/2018-09-28_PostProcessing_stringent_ca_Con
c_pmio/figure/MTXQCp2__ca_Conc_pmio-inc_plot-13.pdf  used on input line 991.
(pdftex.def)             Requested size: 505.88875pt x 361.34912pt.

Overfull \hbox (36.13373pt too wide) in paragraph at lines 991--992
 [][] 
 []

<test/output/2018-09-28_PostProcessing_stringent_ca_Conc_pmio/figure/MTXQCp2__c
a_Conc_pmio-inc_plot-14.pdf, id=556, 505.89pt x 361.35pt>
File: test/output/2018-09-28_PostProcessing_stringent_ca_Conc_pmio/figure/MTXQC
p2__ca_Conc_pmio-inc_plot-14.pdf Graphic file (type pdf)
<use test/output/2018-09-28_PostProcessing_stringent_ca_Conc_pmio/figure/MTXQCp
2__ca_Conc_pmio-inc_plot-14.pdf>
Package pdftex.def Info: test/output/2018-09-28_PostProcessing_stringent_ca_Con
c_pmio/figure/MTXQCp2__ca_Conc_pmio-inc_plot-14.pdf  used on input line 998.
(pdftex.def)             Requested size: 505.88875pt x 361.34912pt.

Overfull \hbox (36.13373pt too wide) in paragraph at lines 998--999
 [][] 
 []

<test/output/2018-09-28_PostProcessing_stringent_ca_Conc_pmio/figure/MTXQCp2__c
a_Conc_pmio-inc_plot-15.pdf, id=557, 505.89pt x 361.35pt>
File: test/output/2018-09-28_PostProcessing_stringent_ca_Conc_pmio/figure/MTXQC
p2__ca_Conc_pmio-inc_plot-15.pdf Graphic file (type pdf)
<use test/output/2018-09-28_PostProcessing_stringent_ca_Conc_pmio/figure/MTXQCp
2__ca_Conc_pmio-inc_plot-15.pdf>
Package pdftex.def Info: test/output/2018-09-28_PostProcessing_stringent_ca_Con
c_pmio/figure/MTXQCp2__ca_Conc_pmio-inc_plot-15.pdf  used on input line 1005.
(pdftex.def)             Requested size: 505.88875pt x 361.34912pt.

Overfull \hbox (36.13373pt too wide) in paragraph at lines 1005--1006
 [][] 
 []

<test/output/2018-09-28_PostProcessing_stringent_ca_Conc_pmio/figure/MTXQCp2__c
a_Conc_pmio-inc_plot-16.pdf, id=558, 505.89pt x 361.35pt>
File: test/output/2018-09-28_PostProcessing_stringent_ca_Conc_pmio/figure/MTXQC
p2__ca_Conc_pmio-inc_plot-16.pdf Graphic file (type pdf)
<use test/output/2018-09-28_PostProcessing_stringent_ca_Conc_pmio/figure/MTXQCp
2__ca_Conc_pmio-inc_plot-16.pdf>
Package pdftex.def Info: test/output/2018-09-28_PostProcessing_stringent_ca_Con
c_pmio/figure/MTXQCp2__ca_Conc_pmio-inc_plot-16.pdf  used on input line 1012.
(pdftex.def)             Requested size: 505.88875pt x 361.34912pt.

Overfull \hbox (36.13373pt too wide) in paragraph at lines 1012--1013
 [][] 
 []

<test/output/2018-09-28_PostProcessing_stringent_ca_Conc_pmio/figure/MTXQCp2__c
a_Conc_pmio-inc_plot-17.pdf, id=559, 505.89pt x 361.35pt>
File: test/output/2018-09-28_PostProcessing_stringent_ca_Conc_pmio/figure/MTXQC
p2__ca_Conc_pmio-inc_plot-17.pdf Graphic file (type pdf)
<use test/output/2018-09-28_PostProcessing_stringent_ca_Conc_pmio/figure/MTXQCp
2__ca_Conc_pmio-inc_plot-17.pdf>
Package pdftex.def Info: test/output/2018-09-28_PostProcessing_stringent_ca_Con
c_pmio/figure/MTXQCp2__ca_Conc_pmio-inc_plot-17.pdf  used on input line 1019.
(pdftex.def)             Requested size: 505.88875pt x 361.34912pt.

Overfull \hbox (36.13373pt too wide) in paragraph at lines 1019--1020
 [][] 
 []

<test/output/2018-09-28_PostProcessing_stringent_ca_Conc_pmio/figure/MTXQCp2__c
a_Conc_pmio-inc_plot-18.pdf, id=560, 505.89pt x 361.35pt>
File: test/output/2018-09-28_PostProcessing_stringent_ca_Conc_pmio/figure/MTXQC
p2__ca_Conc_pmio-inc_plot-18.pdf Graphic file (type pdf)
<use test/output/2018-09-28_PostProcessing_stringent_ca_Conc_pmio/figure/MTXQCp
2__ca_Conc_pmio-inc_plot-18.pdf>
Package pdftex.def Info: test/output/2018-09-28_PostProcessing_stringent_ca_Con
c_pmio/figure/MTXQCp2__ca_Conc_pmio-inc_plot-18.pdf  used on input line 1026.
(pdftex.def)             Requested size: 505.88875pt x 361.34912pt.

Overfull \hbox (36.13373pt too wide) in paragraph at lines 1026--1027
 [][] 
 []

<test/output/2018-09-28_PostProcessing_stringent_ca_Conc_pmio/figure/MTXQCp2__c
a_Conc_pmio-inc_plot-19.pdf, id=561, 505.89pt x 361.35pt>
File: test/output/2018-09-28_PostProcessing_stringent_ca_Conc_pmio/figure/MTXQC
p2__ca_Conc_pmio-inc_plot-19.pdf Graphic file (type pdf)
<use test/output/2018-09-28_PostProcessing_stringent_ca_Conc_pmio/figure/MTXQCp
2__ca_Conc_pmio-inc_plot-19.pdf>
Package pdftex.def Info: test/output/2018-09-28_PostProcessing_stringent_ca_Con
c_pmio/figure/MTXQCp2__ca_Conc_pmio-inc_plot-19.pdf  used on input line 1033.
(pdftex.def)             Requested size: 505.88875pt x 361.34912pt.

Overfull \hbox (36.13373pt too wide) in paragraph at lines 1033--1034
 [][] 
 []

<test/output/2018-09-28_PostProcessing_stringent_ca_Conc_pmio/figure/MTXQCp2__c
a_Conc_pmio-inc_plot-20.pdf, id=562, 505.89pt x 361.35pt>
File: test/output/2018-09-28_PostProcessing_stringent_ca_Conc_pmio/figure/MTXQC
p2__ca_Conc_pmio-inc_plot-20.pdf Graphic file (type pdf)
<use test/output/2018-09-28_PostProcessing_stringent_ca_Conc_pmio/figure/MTXQCp
2__ca_Conc_pmio-inc_plot-20.pdf>
Package pdftex.def Info: test/output/2018-09-28_PostProcessing_stringent_ca_Con
c_pmio/figure/MTXQCp2__ca_Conc_pmio-inc_plot-20.pdf  used on input line 1040.
(pdftex.def)             Requested size: 505.88875pt x 361.34912pt.

Overfull \hbox (36.13373pt too wide) in paragraph at lines 1040--1041
 [][] 
 []

<test/output/2018-09-28_PostProcessing_stringent_ca_Conc_pmio/figure/MTXQCp2__c
a_Conc_pmio-inc_plot-21.pdf, id=563, 505.89pt x 361.35pt>
File: test/output/2018-09-28_PostProcessing_stringent_ca_Conc_pmio/figure/MTXQC
p2__ca_Conc_pmio-inc_plot-21.pdf Graphic file (type pdf)
<use test/output/2018-09-28_PostProcessing_stringent_ca_Conc_pmio/figure/MTXQCp
2__ca_Conc_pmio-inc_plot-21.pdf>
Package pdftex.def Info: test/output/2018-09-28_PostProcessing_stringent_ca_Con
c_pmio/figure/MTXQCp2__ca_Conc_pmio-inc_plot-21.pdf  used on input line 1047.
(pdftex.def)             Requested size: 505.88875pt x 361.34912pt.

Overfull \hbox (36.13373pt too wide) in paragraph at lines 1047--1048
 [][] 
 []

<test/output/2018-09-28_PostProcessing_stringent_ca_Conc_pmio/figure/MTXQCp2__c
a_Conc_pmio-LabQ-1.pdf, id=564, 505.89pt x 216.81pt>
File: test/output/2018-09-28_PostProcessing_stringent_ca_Conc_pmio/figure/MTXQC
p2__ca_Conc_pmio-LabQ-1.pdf Graphic file (type pdf)
<use test/output/2018-09-28_PostProcessing_stringent_ca_Conc_pmio/figure/MTXQCp
2__ca_Conc_pmio-LabQ-1.pdf>
Package pdftex.def Info: test/output/2018-09-28_PostProcessing_stringent_ca_Con
c_pmio/figure/MTXQCp2__ca_Conc_pmio-LabQ-1.pdf  used on input line 1065.
(pdftex.def)             Requested size: 505.88875pt x 216.80946pt.

Overfull \hbox (36.13373pt too wide) in paragraph at lines 1065--1066
 [][] 
 []

<test/output/2018-09-28_PostProcessing_stringent_ca_Conc_pmio/figure/MTXQCp2__c
a_Conc_pmio-LabQ-2.pdf, id=565, 505.89pt x 216.81pt>
File: test/output/2018-09-28_PostProcessing_stringent_ca_Conc_pmio/figure/MTXQC
p2__ca_Conc_pmio-LabQ-2.pdf Graphic file (type pdf)
<use test/output/2018-09-28_PostProcessing_stringent_ca_Conc_pmio/figure/MTXQCp
2__ca_Conc_pmio-LabQ-2.pdf>
Package pdftex.def Info: test/output/2018-09-28_PostProcessing_stringent_ca_Con
c_pmio/figure/MTXQCp2__ca_Conc_pmio-LabQ-2.pdf  used on input line 1072.
(pdftex.def)             Requested size: 505.88875pt x 216.80946pt.

Overfull \hbox (36.13373pt too wide) in paragraph at lines 1072--1073
 [][] 
 []

<test/output/2018-09-28_PostProcessing_stringent_ca_Conc_pmio/figure/MTXQCp2__c
a_Conc_pmio-LabQ-3.pdf, id=566, 505.89pt x 216.81pt>
File: test/output/2018-09-28_PostProcessing_stringent_ca_Conc_pmio/figure/MTXQC
p2__ca_Conc_pmio-LabQ-3.pdf Graphic file (type pdf)
<use test/output/2018-09-28_PostProcessing_stringent_ca_Conc_pmio/figure/MTXQCp
2__ca_Conc_pmio-LabQ-3.pdf>
Package pdftex.def Info: test/output/2018-09-28_PostProcessing_stringent_ca_Con
c_pmio/figure/MTXQCp2__ca_Conc_pmio-LabQ-3.pdf  used on input line 1079.
(pdftex.def)             Requested size: 505.88875pt x 216.80946pt.

Overfull \hbox (36.13373pt too wide) in paragraph at lines 1079--1080
 [][] 
 []

! Output loop---100 consecutive dead cycles.
\end@float ...loatpenalty <-\@Mii \penalty -\@Miv 
                                                  \@tempdima \prevdepth \vbo...
l.1084 \end{figure}
                   \begin{figure} 
Here is how much of TeX's memory you used:
 11067 strings out of 492973
 202205 string characters out of 3125807
 255943 words of memory out of 3000000
 14649 multiletter control sequences out of 15000+200000
 22935 words of font info for 46 fonts, out of 3000000 for 9000
 1141 hyphenation exceptions out of 8191
 28i,6n,34p,472b,447s stack positions out of 5000i,500n,10000p,200000b,50000s

!  ==> Fatal error occurred, no output PDF file produced!
